{"C:\\Users\\alen2\\OneDrive\\Namizje\\FERI\\Magisterski\\1. letnik\\1. semester\\RIRS\\Project\\frontend\\evidencaLetenja\\postcss.config.js": {"path":"C:\\Users\\alen2\\OneDrive\\Namizje\\FERI\\Magisterski\\1. letnik\\1. semester\\RIRS\\Project\\frontend\\evidencaLetenja\\postcss.config.js","all":true,"statementMap":{"0":{"start":{"line":1,"column":0},"end":{"line":1,"column":16}},"1":{"start":{"line":2,"column":0},"end":{"line":2,"column":12}},"2":{"start":{"line":3,"column":0},"end":{"line":3,"column":20}},"3":{"start":{"line":4,"column":0},"end":{"line":4,"column":20}},"4":{"start":{"line":5,"column":0},"end":{"line":5,"column":3}},"5":{"start":{"line":6,"column":0},"end":{"line":6,"column":2}}},"s":{"0":0,"1":0,"2":0,"3":0,"4":0,"5":0},"branchMap":{"0":{"type":"branch","line":1,"loc":{"start":{"line":1,"column":0},"end":{"line":6,"column":2}},"locations":[{"start":{"line":1,"column":0},"end":{"line":6,"column":2}}]}},"b":{"0":[0]},"fnMap":{"0":{"name":"(empty-report)","decl":{"start":{"line":1,"column":0},"end":{"line":6,"column":2}},"loc":{"start":{"line":1,"column":0},"end":{"line":6,"column":2}},"line":1}},"f":{"0":0}}
,"C:\\Users\\alen2\\OneDrive\\Namizje\\FERI\\Magisterski\\1. letnik\\1. semester\\RIRS\\Project\\frontend\\evidencaLetenja\\svelte.config.js": {"path":"C:\\Users\\alen2\\OneDrive\\Namizje\\FERI\\Magisterski\\1. letnik\\1. semester\\RIRS\\Project\\frontend\\evidencaLetenja\\svelte.config.js","all":true,"statementMap":{"0":{"start":{"line":1,"column":0},"end":{"line":1,"column":45}},"1":{"start":{"line":2,"column":0},"end":{"line":2,"column":62}},"2":{"start":{"line":3,"column":0},"end":{"line":3,"column":0}},"3":{"start":{"line":4,"column":0},"end":{"line":4,"column":45}},"4":{"start":{"line":5,"column":0},"end":{"line":5,"column":16}},"5":{"start":{"line":6,"column":0},"end":{"line":6,"column":52}},"6":{"start":{"line":7,"column":0},"end":{"line":7,"column":44}},"7":{"start":{"line":8,"column":0},"end":{"line":8,"column":30}},"8":{"start":{"line":9,"column":0},"end":{"line":9,"column":0}},"9":{"start":{"line":10,"column":0},"end":{"line":10,"column":7}},"10":{"start":{"line":11,"column":0},"end":{"line":11,"column":107}},"11":{"start":{"line":12,"column":0},"end":{"line":12,"column":108}},"12":{"start":{"line":13,"column":0},"end":{"line":13,"column":82}},"13":{"start":{"line":14,"column":0},"end":{"line":14,"column":21}},"14":{"start":{"line":15,"column":0},"end":{"line":15,"column":10}},"15":{"start":{"line":16,"column":0},"end":{"line":16,"column":75}},"16":{"start":{"line":17,"column":0},"end":{"line":17,"column":6}},"17":{"start":{"line":18,"column":0},"end":{"line":18,"column":2}},"18":{"start":{"line":19,"column":0},"end":{"line":19,"column":2}},"19":{"start":{"line":20,"column":0},"end":{"line":20,"column":0}},"20":{"start":{"line":21,"column":0},"end":{"line":21,"column":22}}},"s":{"0":0,"1":0,"2":0,"3":0,"4":0,"5":0,"6":0,"7":0,"8":0,"9":0,"10":0,"11":0,"12":0,"13":0,"14":0,"15":0,"16":0,"17":0,"18":0,"19":0,"20":0},"branchMap":{"0":{"type":"branch","line":1,"loc":{"start":{"line":1,"column":0},"end":{"line":21,"column":22}},"locations":[{"start":{"line":1,"column":0},"end":{"line":21,"column":22}}]}},"b":{"0":[0]},"fnMap":{"0":{"name":"(empty-report)","decl":{"start":{"line":1,"column":0},"end":{"line":21,"column":22}},"loc":{"start":{"line":1,"column":0},"end":{"line":21,"column":22}},"line":1}},"f":{"0":0}}
,"C:\\Users\\alen2\\OneDrive\\Namizje\\FERI\\Magisterski\\1. letnik\\1. semester\\RIRS\\Project\\frontend\\evidencaLetenja\\tailwind.config.ts": {"path":"C:\\Users\\alen2\\OneDrive\\Namizje\\FERI\\Magisterski\\1. letnik\\1. semester\\RIRS\\Project\\frontend\\evidencaLetenja\\tailwind.config.ts","all":true,"statementMap":{"0":{"start":{"line":1,"column":0},"end":{"line":1,"column":54}},"1":{"start":{"line":2,"column":0},"end":{"line":2,"column":42}},"2":{"start":{"line":3,"column":0},"end":{"line":3,"column":0}},"3":{"start":{"line":4,"column":0},"end":{"line":4,"column":24}},"4":{"start":{"line":5,"column":0},"end":{"line":5,"column":21}},"5":{"start":{"line":6,"column":0},"end":{"line":6,"column":45}},"6":{"start":{"line":7,"column":0},"end":{"line":7,"column":20}},"7":{"start":{"line":8,"column":0},"end":{"line":8,"column":9}},"8":{"start":{"line":9,"column":0},"end":{"line":9,"column":14}},"9":{"start":{"line":10,"column":0},"end":{"line":10,"column":16}},"10":{"start":{"line":11,"column":0},"end":{"line":11,"column":19}},"11":{"start":{"line":12,"column":0},"end":{"line":12,"column":13}},"12":{"start":{"line":13,"column":0},"end":{"line":13,"column":19}},"13":{"start":{"line":14,"column":0},"end":{"line":14,"column":4}},"14":{"start":{"line":15,"column":0},"end":{"line":15,"column":4}},"15":{"start":{"line":16,"column":0},"end":{"line":16,"column":11}},"16":{"start":{"line":17,"column":0},"end":{"line":17,"column":12}},"17":{"start":{"line":18,"column":0},"end":{"line":18,"column":49}},"18":{"start":{"line":19,"column":0},"end":{"line":19,"column":47}},"19":{"start":{"line":20,"column":0},"end":{"line":20,"column":45}},"20":{"start":{"line":21,"column":0},"end":{"line":21,"column":57}},"21":{"start":{"line":22,"column":0},"end":{"line":22,"column":57}},"22":{"start":{"line":23,"column":0},"end":{"line":23,"column":14}},"23":{"start":{"line":24,"column":0},"end":{"line":24,"column":52}},"24":{"start":{"line":25,"column":0},"end":{"line":25,"column":65}},"25":{"start":{"line":26,"column":0},"end":{"line":26,"column":6}},"26":{"start":{"line":27,"column":0},"end":{"line":27,"column":16}},"27":{"start":{"line":28,"column":0},"end":{"line":28,"column":54}},"28":{"start":{"line":29,"column":0},"end":{"line":29,"column":67}},"29":{"start":{"line":30,"column":0},"end":{"line":30,"column":6}},"30":{"start":{"line":31,"column":0},"end":{"line":31,"column":18}},"31":{"start":{"line":32,"column":0},"end":{"line":32,"column":56}},"32":{"start":{"line":33,"column":0},"end":{"line":33,"column":69}},"33":{"start":{"line":34,"column":0},"end":{"line":34,"column":6}},"34":{"start":{"line":35,"column":0},"end":{"line":35,"column":12}},"35":{"start":{"line":36,"column":0},"end":{"line":36,"column":50}},"36":{"start":{"line":37,"column":0},"end":{"line":37,"column":63}},"37":{"start":{"line":38,"column":0},"end":{"line":38,"column":6}},"38":{"start":{"line":39,"column":0},"end":{"line":39,"column":13}},"39":{"start":{"line":40,"column":0},"end":{"line":40,"column":51}},"40":{"start":{"line":41,"column":0},"end":{"line":41,"column":64}},"41":{"start":{"line":42,"column":0},"end":{"line":42,"column":6}},"42":{"start":{"line":43,"column":0},"end":{"line":43,"column":14}},"43":{"start":{"line":44,"column":0},"end":{"line":44,"column":52}},"44":{"start":{"line":45,"column":0},"end":{"line":45,"column":65}},"45":{"start":{"line":46,"column":0},"end":{"line":46,"column":6}},"46":{"start":{"line":47,"column":0},"end":{"line":47,"column":11}},"47":{"start":{"line":48,"column":0},"end":{"line":48,"column":49}},"48":{"start":{"line":49,"column":0},"end":{"line":49,"column":62}},"49":{"start":{"line":50,"column":0},"end":{"line":50,"column":5}},"50":{"start":{"line":51,"column":0},"end":{"line":51,"column":5}},"51":{"start":{"line":52,"column":0},"end":{"line":52,"column":18}},"52":{"start":{"line":53,"column":0},"end":{"line":53,"column":24}},"53":{"start":{"line":54,"column":0},"end":{"line":54,"column":36}},"54":{"start":{"line":55,"column":0},"end":{"line":55,"column":35}},"55":{"start":{"line":56,"column":0},"end":{"line":56,"column":5}},"56":{"start":{"line":57,"column":0},"end":{"line":57,"column":16}},"57":{"start":{"line":58,"column":0},"end":{"line":58,"column":30}},"58":{"start":{"line":59,"column":0},"end":{"line":59,"column":4}},"59":{"start":{"line":60,"column":0},"end":{"line":60,"column":3}},"60":{"start":{"line":61,"column":0},"end":{"line":61,"column":3}},"61":{"start":{"line":62,"column":0},"end":{"line":62,"column":2}},"62":{"start":{"line":63,"column":0},"end":{"line":63,"column":0}},"63":{"start":{"line":64,"column":0},"end":{"line":64,"column":22}}},"s":{"0":0,"1":0,"2":0,"3":0,"4":0,"5":0,"6":0,"7":0,"8":0,"9":0,"10":0,"11":0,"12":0,"13":0,"14":0,"15":0,"16":0,"17":0,"18":0,"19":0,"20":0,"21":0,"22":0,"23":0,"24":0,"25":0,"26":0,"27":0,"28":0,"29":0,"30":0,"31":0,"32":0,"33":0,"34":0,"35":0,"36":0,"37":0,"38":0,"39":0,"40":0,"41":0,"42":0,"43":0,"44":0,"45":0,"46":0,"47":0,"48":0,"49":0,"50":0,"51":0,"52":0,"53":0,"54":0,"55":0,"56":0,"57":0,"58":0,"59":0,"60":0,"61":0,"62":0,"63":0},"branchMap":{"0":{"type":"branch","line":1,"loc":{"start":{"line":1,"column":0},"end":{"line":64,"column":22}},"locations":[{"start":{"line":1,"column":0},"end":{"line":64,"column":22}}]}},"b":{"0":[0]},"fnMap":{"0":{"name":"(empty-report)","decl":{"start":{"line":1,"column":0},"end":{"line":64,"column":22}},"loc":{"start":{"line":1,"column":0},"end":{"line":64,"column":22}},"line":1}},"f":{"0":0}}
,"C:\\Users\\alen2\\OneDrive\\Namizje\\FERI\\Magisterski\\1. letnik\\1. semester\\RIRS\\Project\\frontend\\evidencaLetenja\\src\\lib\\index.ts": {"path":"C:\\Users\\alen2\\OneDrive\\Namizje\\FERI\\Magisterski\\1. letnik\\1. semester\\RIRS\\Project\\frontend\\evidencaLetenja\\src\\lib\\index.ts","all":true,"statementMap":{"0":{"start":{"line":1,"column":0},"end":{"line":1,"column":74}}},"s":{"0":0},"branchMap":{"0":{"type":"branch","line":1,"loc":{"start":{"line":1,"column":0},"end":{"line":1,"column":74}},"locations":[{"start":{"line":1,"column":0},"end":{"line":1,"column":74}}]}},"b":{"0":[0]},"fnMap":{"0":{"name":"(empty-report)","decl":{"start":{"line":1,"column":0},"end":{"line":1,"column":74}},"loc":{"start":{"line":1,"column":0},"end":{"line":1,"column":74}},"line":1}},"f":{"0":0}}
,"C:\\Users\\alen2\\OneDrive\\Namizje\\FERI\\Magisterski\\1. letnik\\1. semester\\RIRS\\Project\\frontend\\evidencaLetenja\\src\\lib\\utils.ts": {"path":"C:\\Users\\alen2\\OneDrive\\Namizje\\FERI\\Magisterski\\1. letnik\\1. semester\\RIRS\\Project\\frontend\\evidencaLetenja\\src\\lib\\utils.ts","all":false,"statementMap":{"0":{"start":{"line":1,"column":0},"end":{"line":1,"column":45}},"5":{"start":{"line":6,"column":0},"end":{"line":6,"column":45}},"6":{"start":{"line":7,"column":0},"end":{"line":7,"column":30}},"7":{"start":{"line":8,"column":0},"end":{"line":8,"column":1}},"16":{"start":{"line":17,"column":0},"end":{"line":17,"column":28}},"17":{"start":{"line":18,"column":0},"end":{"line":18,"column":15}},"18":{"start":{"line":19,"column":0},"end":{"line":19,"column":72}},"19":{"start":{"line":20,"column":0},"end":{"line":20,"column":24}},"20":{"start":{"line":21,"column":0},"end":{"line":21,"column":38}},"21":{"start":{"line":22,"column":0},"end":{"line":22,"column":69}},"23":{"start":{"line":24,"column":0},"end":{"line":24,"column":26}},"24":{"start":{"line":25,"column":0},"end":{"line":25,"column":17}},"25":{"start":{"line":26,"column":0},"end":{"line":26,"column":27}},"26":{"start":{"line":27,"column":0},"end":{"line":27,"column":26}},"27":{"start":{"line":28,"column":0},"end":{"line":28,"column":7}},"28":{"start":{"line":29,"column":0},"end":{"line":29,"column":30}},"29":{"start":{"line":30,"column":0},"end":{"line":30,"column":30}},"31":{"start":{"line":32,"column":0},"end":{"line":32,"column":53}},"32":{"start":{"line":33,"column":0},"end":{"line":33,"column":51}},"34":{"start":{"line":35,"column":0},"end":{"line":35,"column":16}},"35":{"start":{"line":36,"column":0},"end":{"line":36,"column":3}},"37":{"start":{"line":38,"column":0},"end":{"line":38,"column":24}},"38":{"start":{"line":39,"column":0},"end":{"line":39,"column":52}},"39":{"start":{"line":40,"column":0},"end":{"line":40,"column":15}},"40":{"start":{"line":41,"column":0},"end":{"line":41,"column":50}},"41":{"start":{"line":42,"column":0},"end":{"line":42,"column":44}},"42":{"start":{"line":43,"column":0},"end":{"line":43,"column":40}},"43":{"start":{"line":44,"column":0},"end":{"line":44,"column":9}},"44":{"start":{"line":45,"column":0},"end":{"line":45,"column":3}},"46":{"start":{"line":47,"column":0},"end":{"line":47,"column":9}},"47":{"start":{"line":48,"column":0},"end":{"line":48,"column":35}},"48":{"start":{"line":49,"column":0},"end":{"line":49,"column":11}},"49":{"start":{"line":50,"column":0},"end":{"line":50,"column":15}},"50":{"start":{"line":51,"column":0},"end":{"line":51,"column":60}},"51":{"start":{"line":52,"column":0},"end":{"line":52,"column":60}},"52":{"start":{"line":53,"column":0},"end":{"line":53,"column":71}},"54":{"start":{"line":55,"column":0},"end":{"line":55,"column":25}},"55":{"start":{"line":56,"column":0},"end":{"line":56,"column":77}},"56":{"start":{"line":57,"column":0},"end":{"line":57,"column":14}},"57":{"start":{"line":58,"column":0},"end":{"line":58,"column":6}},"58":{"start":{"line":59,"column":0},"end":{"line":59,"column":4}},"59":{"start":{"line":60,"column":0},"end":{"line":60,"column":18}},"60":{"start":{"line":61,"column":0},"end":{"line":61,"column":3}},"61":{"start":{"line":62,"column":0},"end":{"line":62,"column":2}}},"s":{"0":1,"5":1,"6":160,"7":160,"16":1,"17":5,"18":5,"19":5,"20":5,"21":5,"23":5,"24":15,"25":15,"26":15,"27":15,"28":15,"29":15,"31":15,"32":15,"34":15,"35":15,"37":5,"38":5,"39":5,"40":5,"41":10,"42":10,"43":5,"44":5,"46":5,"47":5,"48":5,"49":5,"50":5,"51":5,"52":5,"54":5,"55":5,"56":5,"57":5,"58":5,"59":5,"60":5,"61":5},"branchMap":{"0":{"type":"branch","line":6,"loc":{"start":{"line":6,"column":7},"end":{"line":8,"column":1}},"locations":[{"start":{"line":6,"column":7},"end":{"line":8,"column":1}}]},"1":{"type":"branch","line":17,"loc":{"start":{"line":17,"column":27},"end":{"line":62,"column":2}},"locations":[{"start":{"line":17,"column":27},"end":{"line":62,"column":2}}]},"2":{"type":"branch","line":22,"loc":{"start":{"line":22,"column":39},"end":{"line":22,"column":53}},"locations":[{"start":{"line":22,"column":39},"end":{"line":22,"column":53}}]},"3":{"type":"branch","line":48,"loc":{"start":{"line":48,"column":19},"end":{"line":48,"column":35}},"locations":[{"start":{"line":48,"column":19},"end":{"line":48,"column":35}}]},"4":{"type":"branch","line":24,"loc":{"start":{"line":24,"column":25},"end":{"line":36,"column":3}},"locations":[{"start":{"line":24,"column":25},"end":{"line":36,"column":3}}]},"5":{"type":"branch","line":38,"loc":{"start":{"line":38,"column":23},"end":{"line":45,"column":3}},"locations":[{"start":{"line":38,"column":23},"end":{"line":45,"column":3}}]},"6":{"type":"branch","line":41,"loc":{"start":{"line":41,"column":35},"end":{"line":44,"column":5}},"locations":[{"start":{"line":41,"column":35},"end":{"line":44,"column":5}}]},"7":{"type":"branch","line":42,"loc":{"start":{"line":42,"column":33},"end":{"line":42,"column":44}},"locations":[{"start":{"line":42,"column":33},"end":{"line":42,"column":44}}]},"8":{"type":"branch","line":50,"loc":{"start":{"line":50,"column":7},"end":{"line":59,"column":4}},"locations":[{"start":{"line":50,"column":7},"end":{"line":59,"column":4}}]}},"b":{"0":[160],"1":[5],"2":[0],"3":[1],"4":[15],"5":[5],"6":[10],"7":[0],"8":[5]},"fnMap":{"0":{"name":"cn","decl":{"start":{"line":6,"column":7},"end":{"line":8,"column":1}},"loc":{"start":{"line":6,"column":7},"end":{"line":8,"column":1}},"line":6},"1":{"name":"flyAndScale","decl":{"start":{"line":17,"column":27},"end":{"line":62,"column":2}},"loc":{"start":{"line":17,"column":27},"end":{"line":62,"column":2}},"line":17},"2":{"name":"scaleConversion","decl":{"start":{"line":24,"column":25},"end":{"line":36,"column":3}},"loc":{"start":{"line":24,"column":25},"end":{"line":36,"column":3}},"line":24},"3":{"name":"styleToString","decl":{"start":{"line":38,"column":23},"end":{"line":45,"column":3}},"loc":{"start":{"line":38,"column":23},"end":{"line":45,"column":3}},"line":38},"4":{"name":"css","decl":{"start":{"line":50,"column":7},"end":{"line":59,"column":4}},"loc":{"start":{"line":50,"column":7},"end":{"line":59,"column":4}},"line":50}},"f":{"0":160,"1":5,"2":15,"3":5,"4":5}}
,"C:\\Users\\alen2\\OneDrive\\Namizje\\FERI\\Magisterski\\1. letnik\\1. semester\\RIRS\\Project\\frontend\\evidencaLetenja\\src\\lib\\components\\ui\\addFlight\\addFlightDialog.svelte": {"path":"C:\\Users\\alen2\\OneDrive\\Namizje\\FERI\\Magisterski\\1. letnik\\1. semester\\RIRS\\Project\\frontend\\evidencaLetenja\\src\\lib\\components\\ui\\addFlight\\addFlightDialog.svelte","all":false,"statementMap":{"0":{"start":{"line":1,"column":0},"end":{"line":1,"column":18}},"8":{"start":{"line":9,"column":0},"end":{"line":9,"column":31}},"12":{"start":{"line":13,"column":0},"end":{"line":13,"column":15}},"14":{"start":{"line":15,"column":0},"end":{"line":15,"column":29}},"15":{"start":{"line":16,"column":0},"end":{"line":16,"column":54}},"16":{"start":{"line":17,"column":0},"end":{"line":17,"column":57}},"17":{"start":{"line":18,"column":0},"end":{"line":18,"column":26}},"19":{"start":{"line":20,"column":0},"end":{"line":20,"column":33}},"20":{"start":{"line":21,"column":0},"end":{"line":21,"column":42}},"21":{"start":{"line":22,"column":0},"end":{"line":22,"column":65}},"22":{"start":{"line":23,"column":0},"end":{"line":23,"column":17}},"23":{"start":{"line":24,"column":0},"end":{"line":24,"column":48}},"24":{"start":{"line":25,"column":0},"end":{"line":25,"column":68}},"25":{"start":{"line":26,"column":0},"end":{"line":26,"column":17}},"27":{"start":{"line":28,"column":0},"end":{"line":28,"column":28}},"28":{"start":{"line":29,"column":0},"end":{"line":29,"column":40}},"29":{"start":{"line":30,"column":0},"end":{"line":30,"column":46}},"30":{"start":{"line":31,"column":0},"end":{"line":31,"column":26}},"33":{"start":{"line":34,"column":0},"end":{"line":34,"column":27}},"34":{"start":{"line":35,"column":0},"end":{"line":35,"column":29}},"38":{"start":{"line":39,"column":0},"end":{"line":39,"column":38}},"54":{"start":{"line":55,"column":0},"end":{"line":55,"column":54}},"60":{"start":{"line":61,"column":0},"end":{"line":61,"column":57}},"67":{"start":{"line":68,"column":0},"end":{"line":68,"column":46}},"73":{"start":{"line":74,"column":0},"end":{"line":74,"column":57}}},"s":{"0":1,"8":1,"12":1,"14":1,"15":1,"16":1,"17":1,"19":1,"20":1,"21":1,"22":1,"23":1,"24":1,"25":1,"27":1,"28":1,"29":1,"30":1,"33":1,"34":1,"38":1,"54":1,"60":1,"67":1,"73":1},"branchMap":{"0":{"type":"branch","line":39,"loc":{"start":{"line":39,"column":24},"end":{"line":39,"column":38}},"locations":[{"start":{"line":39,"column":24},"end":{"line":39,"column":38}}]},"1":{"type":"branch","line":55,"loc":{"start":{"line":55,"column":40},"end":{"line":55,"column":54}},"locations":[{"start":{"line":55,"column":40},"end":{"line":55,"column":54}}]},"2":{"type":"branch","line":61,"loc":{"start":{"line":61,"column":40},"end":{"line":61,"column":57}},"locations":[{"start":{"line":61,"column":40},"end":{"line":61,"column":57}}]},"3":{"type":"branch","line":68,"loc":{"start":{"line":68,"column":32},"end":{"line":68,"column":46}},"locations":[{"start":{"line":68,"column":32},"end":{"line":68,"column":46}}]}},"b":{"0":[2],"1":[1],"2":[1],"3":[1]},"fnMap":{},"f":{}}
,"C:\\Users\\alen2\\OneDrive\\Namizje\\FERI\\Magisterski\\1. letnik\\1. semester\\RIRS\\Project\\frontend\\evidencaLetenja\\src\\lib\\components\\ui\\addPlane\\addPlaneDialog.svelte": {"path":"C:\\Users\\alen2\\OneDrive\\Namizje\\FERI\\Magisterski\\1. letnik\\1. semester\\RIRS\\Project\\frontend\\evidencaLetenja\\src\\lib\\components\\ui\\addPlane\\addPlaneDialog.svelte","all":true,"statementMap":{"0":{"start":{"line":1,"column":0},"end":{"line":1,"column":18}},"1":{"start":{"line":2,"column":0},"end":{"line":2,"column":65}},"2":{"start":{"line":3,"column":0},"end":{"line":3,"column":55}},"3":{"start":{"line":4,"column":0},"end":{"line":4,"column":62}},"4":{"start":{"line":5,"column":0},"end":{"line":5,"column":62}},"5":{"start":{"line":6,"column":0},"end":{"line":6,"column":74}},"6":{"start":{"line":7,"column":0},"end":{"line":7,"column":79}},"7":{"start":{"line":8,"column":0},"end":{"line":8,"column":0}},"8":{"start":{"line":9,"column":0},"end":{"line":9,"column":31}},"9":{"start":{"line":10,"column":0},"end":{"line":10,"column":27}},"10":{"start":{"line":11,"column":0},"end":{"line":11,"column":20}},"11":{"start":{"line":12,"column":0},"end":{"line":12,"column":30}},"12":{"start":{"line":13,"column":0},"end":{"line":13,"column":30}},"13":{"start":{"line":14,"column":0},"end":{"line":14,"column":15}},"14":{"start":{"line":15,"column":0},"end":{"line":15,"column":0}},"15":{"start":{"line":16,"column":0},"end":{"line":16,"column":4}},"16":{"start":{"line":17,"column":0},"end":{"line":17,"column":56}},"17":{"start":{"line":18,"column":0},"end":{"line":18,"column":59}},"18":{"start":{"line":19,"column":0},"end":{"line":19,"column":28}},"19":{"start":{"line":20,"column":0},"end":{"line":20,"column":0}},"20":{"start":{"line":21,"column":0},"end":{"line":21,"column":29}},"21":{"start":{"line":22,"column":0},"end":{"line":22,"column":27}},"22":{"start":{"line":23,"column":0},"end":{"line":23,"column":20}},"23":{"start":{"line":24,"column":0},"end":{"line":24,"column":30}},"24":{"start":{"line":25,"column":0},"end":{"line":25,"column":30}},"25":{"start":{"line":26,"column":0},"end":{"line":26,"column":0}},"26":{"start":{"line":27,"column":0},"end":{"line":27,"column":33}},"27":{"start":{"line":28,"column":0},"end":{"line":28,"column":6}},"28":{"start":{"line":29,"column":0},"end":{"line":29,"column":28}},"29":{"start":{"line":30,"column":0},"end":{"line":30,"column":23}},"30":{"start":{"line":31,"column":0},"end":{"line":31,"column":16}},"31":{"start":{"line":32,"column":0},"end":{"line":32,"column":26}},"32":{"start":{"line":33,"column":0},"end":{"line":33,"column":25}},"33":{"start":{"line":34,"column":0},"end":{"line":34,"column":10}},"34":{"start":{"line":35,"column":0},"end":{"line":35,"column":0}},"35":{"start":{"line":36,"column":0},"end":{"line":36,"column":27}},"36":{"start":{"line":37,"column":0},"end":{"line":37,"column":29}},"37":{"start":{"line":38,"column":0},"end":{"line":38,"column":5}},"38":{"start":{"line":39,"column":0},"end":{"line":39,"column":9}},"39":{"start":{"line":40,"column":0},"end":{"line":40,"column":0}},"40":{"start":{"line":41,"column":0},"end":{"line":41,"column":38}},"41":{"start":{"line":42,"column":0},"end":{"line":42,"column":20}},"42":{"start":{"line":43,"column":0},"end":{"line":43,"column":16}},"43":{"start":{"line":44,"column":0},"end":{"line":44,"column":29}},"44":{"start":{"line":45,"column":0},"end":{"line":45,"column":17}},"45":{"start":{"line":46,"column":0},"end":{"line":46,"column":21}},"46":{"start":{"line":47,"column":0},"end":{"line":47,"column":45}},"47":{"start":{"line":48,"column":0},"end":{"line":48,"column":23}},"48":{"start":{"line":49,"column":0},"end":{"line":49,"column":52}},"49":{"start":{"line":50,"column":0},"end":{"line":50,"column":32}},"50":{"start":{"line":51,"column":0},"end":{"line":51,"column":47}},"51":{"start":{"line":52,"column":0},"end":{"line":52,"column":33}},"52":{"start":{"line":53,"column":0},"end":{"line":53,"column":24}},"53":{"start":{"line":54,"column":0},"end":{"line":54,"column":37}},"54":{"start":{"line":55,"column":0},"end":{"line":55,"column":61}},"55":{"start":{"line":56,"column":0},"end":{"line":56,"column":77}},"56":{"start":{"line":57,"column":0},"end":{"line":57,"column":84}},"57":{"start":{"line":58,"column":0},"end":{"line":58,"column":18}},"58":{"start":{"line":59,"column":0},"end":{"line":59,"column":61}},"59":{"start":{"line":60,"column":0},"end":{"line":60,"column":63}},"60":{"start":{"line":61,"column":0},"end":{"line":61,"column":70}},"61":{"start":{"line":62,"column":0},"end":{"line":62,"column":18}},"62":{"start":{"line":63,"column":0},"end":{"line":63,"column":61}},"63":{"start":{"line":64,"column":0},"end":{"line":64,"column":86}},"64":{"start":{"line":65,"column":0},"end":{"line":65,"column":87}},"65":{"start":{"line":66,"column":0},"end":{"line":66,"column":18}},"66":{"start":{"line":67,"column":0},"end":{"line":67,"column":61}},"67":{"start":{"line":68,"column":0},"end":{"line":68,"column":75}},"68":{"start":{"line":69,"column":0},"end":{"line":69,"column":100}},"69":{"start":{"line":70,"column":0},"end":{"line":70,"column":18}},"70":{"start":{"line":71,"column":0},"end":{"line":71,"column":14}},"71":{"start":{"line":72,"column":0},"end":{"line":72,"column":23}},"72":{"start":{"line":73,"column":0},"end":{"line":73,"column":57}},"73":{"start":{"line":74,"column":0},"end":{"line":74,"column":24}},"74":{"start":{"line":75,"column":0},"end":{"line":75,"column":21}},"75":{"start":{"line":76,"column":0},"end":{"line":76,"column":14}}},"s":{"0":0,"1":0,"2":0,"3":0,"4":0,"5":0,"6":0,"7":0,"8":0,"9":0,"10":0,"11":0,"12":0,"13":0,"14":0,"15":0,"16":0,"17":0,"18":0,"19":0,"20":0,"21":0,"22":0,"23":0,"24":0,"25":0,"26":0,"27":0,"28":0,"29":0,"30":0,"31":0,"32":0,"33":0,"34":0,"35":0,"36":0,"37":0,"38":0,"39":0,"40":0,"41":0,"42":0,"43":0,"44":0,"45":0,"46":0,"47":0,"48":0,"49":0,"50":0,"51":0,"52":0,"53":0,"54":0,"55":0,"56":0,"57":0,"58":0,"59":0,"60":0,"61":0,"62":0,"63":0,"64":0,"65":0,"66":0,"67":0,"68":0,"69":0,"70":0,"71":0,"72":0,"73":0,"74":0,"75":0},"branchMap":{"0":{"type":"branch","line":1,"loc":{"start":{"line":1,"column":0},"end":{"line":76,"column":14}},"locations":[{"start":{"line":1,"column":0},"end":{"line":76,"column":14}}]}},"b":{"0":[0]},"fnMap":{"0":{"name":"(empty-report)","decl":{"start":{"line":1,"column":0},"end":{"line":76,"column":14}},"loc":{"start":{"line":1,"column":0},"end":{"line":76,"column":14}},"line":1}},"f":{"0":0}}
,"C:\\Users\\alen2\\OneDrive\\Namizje\\FERI\\Magisterski\\1. letnik\\1. semester\\RIRS\\Project\\frontend\\evidencaLetenja\\src\\lib\\components\\ui\\button\\button.svelte": {"path":"C:\\Users\\alen2\\OneDrive\\Namizje\\FERI\\Magisterski\\1. letnik\\1. semester\\RIRS\\Project\\frontend\\evidencaLetenja\\src\\lib\\components\\ui\\button\\button.svelte","all":false,"statementMap":{"0":{"start":{"line":1,"column":0},"end":{"line":1,"column":18}},"8":{"start":{"line":9,"column":0},"end":{"line":9,"column":45}},"9":{"start":{"line":10,"column":0},"end":{"line":10,"column":52}},"10":{"start":{"line":11,"column":0},"end":{"line":11,"column":46}},"11":{"start":{"line":12,"column":0},"end":{"line":12,"column":47}},"17":{"start":{"line":18,"column":0},"end":{"line":18,"column":57}},"19":{"start":{"line":20,"column":0},"end":{"line":20,"column":17}}},"s":{"0":1,"8":1,"9":1,"10":1,"11":1,"17":1,"19":1},"branchMap":{"0":{"type":"branch","line":12,"loc":{"start":{"line":12,"column":41},"end":{"line":12,"column":47}},"locations":[{"start":{"line":12,"column":41},"end":{"line":12,"column":47}}]},"1":{"type":"branch","line":20,"loc":{"start":{"line":20,"column":5},"end":{"line":20,"column":16}},"locations":[{"start":{"line":20,"column":5},"end":{"line":20,"column":16}}]}},"b":{"0":[4],"1":[269]},"fnMap":{"0":{"name":"Button.__vite_ssr_import_2__.Button.Root.__vite_ssr_import_1__.spread_props.$$events.click","decl":{"start":{"line":20,"column":5},"end":{"line":20,"column":16}},"loc":{"start":{"line":20,"column":5},"end":{"line":20,"column":16}},"line":20}},"f":{"0":269}}
,"C:\\Users\\alen2\\OneDrive\\Namizje\\FERI\\Magisterski\\1. letnik\\1. semester\\RIRS\\Project\\frontend\\evidencaLetenja\\src\\lib\\components\\ui\\button\\index.ts": {"path":"C:\\Users\\alen2\\OneDrive\\Namizje\\FERI\\Magisterski\\1. letnik\\1. semester\\RIRS\\Project\\frontend\\evidencaLetenja\\src\\lib\\components\\ui\\button\\index.ts","all":false,"statementMap":{"0":{"start":{"line":1,"column":0},"end":{"line":1,"column":58}},"4":{"start":{"line":5,"column":0},"end":{"line":5,"column":27}},"5":{"start":{"line":6,"column":0},"end":{"line":6,"column":288}},"6":{"start":{"line":7,"column":0},"end":{"line":7,"column":12}},"7":{"start":{"line":8,"column":0},"end":{"line":8,"column":12}},"8":{"start":{"line":9,"column":0},"end":{"line":9,"column":69}},"9":{"start":{"line":10,"column":0},"end":{"line":10,"column":85}},"10":{"start":{"line":11,"column":0},"end":{"line":11,"column":11}},"11":{"start":{"line":12,"column":0},"end":{"line":12,"column":85}},"12":{"start":{"line":13,"column":0},"end":{"line":13,"column":77}},"13":{"start":{"line":14,"column":0},"end":{"line":14,"column":57}},"14":{"start":{"line":15,"column":0},"end":{"line":15,"column":59}},"15":{"start":{"line":16,"column":0},"end":{"line":16,"column":4}},"16":{"start":{"line":17,"column":0},"end":{"line":17,"column":9}},"17":{"start":{"line":18,"column":0},"end":{"line":18,"column":29}},"18":{"start":{"line":19,"column":0},"end":{"line":19,"column":29}},"19":{"start":{"line":20,"column":0},"end":{"line":20,"column":30}},"20":{"start":{"line":21,"column":0},"end":{"line":21,"column":21}},"21":{"start":{"line":22,"column":0},"end":{"line":22,"column":4}},"22":{"start":{"line":23,"column":0},"end":{"line":23,"column":3}},"23":{"start":{"line":24,"column":0},"end":{"line":24,"column":19}},"24":{"start":{"line":25,"column":0},"end":{"line":25,"column":21}},"25":{"start":{"line":26,"column":0},"end":{"line":26,"column":18}},"26":{"start":{"line":27,"column":0},"end":{"line":27,"column":3}},"27":{"start":{"line":28,"column":0},"end":{"line":28,"column":3}}},"s":{"0":1,"4":1,"5":1,"6":1,"7":1,"8":1,"9":1,"10":1,"11":1,"12":1,"13":1,"14":1,"15":1,"16":1,"17":1,"18":1,"19":1,"20":1,"21":1,"22":1,"23":1,"24":1,"25":1,"26":1,"27":1},"branchMap":{},"b":{},"fnMap":{},"f":{}}
,"C:\\Users\\alen2\\OneDrive\\Namizje\\FERI\\Magisterski\\1. letnik\\1. semester\\RIRS\\Project\\frontend\\evidencaLetenja\\src\\lib\\components\\ui\\calendar\\calendar-cell.svelte": {"path":"C:\\Users\\alen2\\OneDrive\\Namizje\\FERI\\Magisterski\\1. letnik\\1. semester\\RIRS\\Project\\frontend\\evidencaLetenja\\src\\lib\\components\\ui\\calendar\\calendar-cell.svelte","all":false,"statementMap":{"0":{"start":{"line":1,"column":0},"end":{"line":1,"column":18}},"6":{"start":{"line":7,"column":0},"end":{"line":7,"column":34}},"7":{"start":{"line":8,"column":0},"end":{"line":8,"column":45}},"13":{"start":{"line":14,"column":0},"end":{"line":14,"column":11}},"14":{"start":{"line":15,"column":0},"end":{"line":15,"column":214}},"15":{"start":{"line":16,"column":0},"end":{"line":16,"column":11}},"17":{"start":{"line":18,"column":0},"end":{"line":18,"column":17}}},"s":{"0":1,"6":1,"7":1,"13":1,"14":35,"15":35,"17":1},"branchMap":{"0":{"type":"branch","line":14,"loc":{"start":{"line":14,"column":8},"end":{"line":16,"column":11}},"locations":[{"start":{"line":14,"column":8},"end":{"line":16,"column":11}}]},"1":{"type":"branch","line":18,"loc":{"start":{"line":18,"column":5},"end":{"line":18,"column":16}},"locations":[{"start":{"line":18,"column":5},"end":{"line":18,"column":16}}]}},"b":{"0":[35],"1":[420]},"fnMap":{},"f":{}}
,"C:\\Users\\alen2\\OneDrive\\Namizje\\FERI\\Magisterski\\1. letnik\\1. semester\\RIRS\\Project\\frontend\\evidencaLetenja\\src\\lib\\components\\ui\\calendar\\calendar-day.svelte": {"path":"C:\\Users\\alen2\\OneDrive\\Namizje\\FERI\\Magisterski\\1. letnik\\1. semester\\RIRS\\Project\\frontend\\evidencaLetenja\\src\\lib\\components\\ui\\calendar\\calendar-day.svelte","all":false,"statementMap":{"0":{"start":{"line":1,"column":0},"end":{"line":1,"column":18}},"8":{"start":{"line":9,"column":0},"end":{"line":9,"column":34}},"9":{"start":{"line":10,"column":0},"end":{"line":10,"column":36}},"10":{"start":{"line":11,"column":0},"end":{"line":11,"column":45}},"18":{"start":{"line":19,"column":0},"end":{"line":19,"column":11}},"19":{"start":{"line":20,"column":0},"end":{"line":20,"column":39}},"20":{"start":{"line":21,"column":0},"end":{"line":21,"column":29}},"21":{"start":{"line":22,"column":0},"end":{"line":22,"column":111}},"23":{"start":{"line":24,"column":0},"end":{"line":24,"column":257}},"25":{"start":{"line":26,"column":0},"end":{"line":26,"column":69}},"27":{"start":{"line":28,"column":0},"end":{"line":28,"column":83}},"29":{"start":{"line":30,"column":0},"end":{"line":30,"column":283}},"30":{"start":{"line":31,"column":0},"end":{"line":31,"column":11}},"32":{"start":{"line":33,"column":0},"end":{"line":33,"column":17}},"39":{"start":{"line":40,"column":0},"end":{"line":40,"column":12}}},"s":{"0":1,"8":1,"9":1,"10":1,"18":1,"19":35,"20":35,"21":35,"23":35,"25":35,"27":35,"29":35,"30":35,"32":1,"39":1},"branchMap":{"0":{"type":"branch","line":19,"loc":{"start":{"line":19,"column":8},"end":{"line":31,"column":11}},"locations":[{"start":{"line":19,"column":8},"end":{"line":31,"column":11}}]},"1":{"type":"branch","line":33,"loc":{"start":{"line":33,"column":5},"end":{"line":33,"column":16}},"locations":[{"start":{"line":33,"column":5},"end":{"line":33,"column":16}}]},"2":{"type":"branch","line":40,"loc":{"start":{"line":40,"column":3},"end":{"line":40,"column":12}},"locations":[{"start":{"line":40,"column":3},"end":{"line":40,"column":12}}]}},"b":{"0":[35],"1":[525],"2":[35]},"fnMap":{"0":{"name":"Calendar_day.__vite_ssr_import_2__.Calendar.Day.__vite_ssr_import_1__.spread_props.$$events.click","decl":{"start":{"line":33,"column":5},"end":{"line":33,"column":16}},"loc":{"start":{"line":33,"column":5},"end":{"line":33,"column":16}},"line":33}},"f":{"0":525}}
,"C:\\Users\\alen2\\OneDrive\\Namizje\\FERI\\Magisterski\\1. letnik\\1. semester\\RIRS\\Project\\frontend\\evidencaLetenja\\src\\lib\\components\\ui\\calendar\\calendar-grid-body.svelte": {"path":"C:\\Users\\alen2\\OneDrive\\Namizje\\FERI\\Magisterski\\1. letnik\\1. semester\\RIRS\\Project\\frontend\\evidencaLetenja\\src\\lib\\components\\ui\\calendar\\calendar-grid-body.svelte","all":false,"statementMap":{"0":{"start":{"line":1,"column":0},"end":{"line":1,"column":18}},"6":{"start":{"line":7,"column":0},"end":{"line":7,"column":45}},"10":{"start":{"line":11,"column":0},"end":{"line":11,"column":67}}},"s":{"0":1,"6":1,"10":1},"branchMap":{"0":{"type":"branch","line":11,"loc":{"start":{"line":11,"column":35},"end":{"line":11,"column":54}},"locations":[{"start":{"line":11,"column":35},"end":{"line":11,"column":54}}]},"1":{"type":"branch","line":11,"loc":{"start":{"line":11,"column":54},"end":{"line":11,"column":65}},"locations":[{"start":{"line":11,"column":54},"end":{"line":11,"column":65}}]}},"b":{"0":[1],"1":[9]},"fnMap":{},"f":{}}
,"C:\\Users\\alen2\\OneDrive\\Namizje\\FERI\\Magisterski\\1. letnik\\1. semester\\RIRS\\Project\\frontend\\evidencaLetenja\\src\\lib\\components\\ui\\calendar\\calendar-grid-head.svelte": {"path":"C:\\Users\\alen2\\OneDrive\\Namizje\\FERI\\Magisterski\\1. letnik\\1. semester\\RIRS\\Project\\frontend\\evidencaLetenja\\src\\lib\\components\\ui\\calendar\\calendar-grid-head.svelte","all":false,"statementMap":{"0":{"start":{"line":1,"column":0},"end":{"line":1,"column":18}},"6":{"start":{"line":7,"column":0},"end":{"line":7,"column":45}},"10":{"start":{"line":11,"column":0},"end":{"line":11,"column":67}}},"s":{"0":1,"6":1,"10":1},"branchMap":{"0":{"type":"branch","line":11,"loc":{"start":{"line":11,"column":35},"end":{"line":11,"column":54}},"locations":[{"start":{"line":11,"column":35},"end":{"line":11,"column":54}}]},"1":{"type":"branch","line":11,"loc":{"start":{"line":11,"column":54},"end":{"line":11,"column":65}},"locations":[{"start":{"line":11,"column":54},"end":{"line":11,"column":65}}]}},"b":{"0":[1],"1":[9]},"fnMap":{},"f":{}}
,"C:\\Users\\alen2\\OneDrive\\Namizje\\FERI\\Magisterski\\1. letnik\\1. semester\\RIRS\\Project\\frontend\\evidencaLetenja\\src\\lib\\components\\ui\\calendar\\calendar-grid-row.svelte": {"path":"C:\\Users\\alen2\\OneDrive\\Namizje\\FERI\\Magisterski\\1. letnik\\1. semester\\RIRS\\Project\\frontend\\evidencaLetenja\\src\\lib\\components\\ui\\calendar\\calendar-grid-row.svelte","all":false,"statementMap":{"0":{"start":{"line":1,"column":0},"end":{"line":1,"column":18}},"6":{"start":{"line":7,"column":0},"end":{"line":7,"column":45}},"10":{"start":{"line":11,"column":0},"end":{"line":11,"column":74}}},"s":{"0":1,"6":1,"10":1},"branchMap":{"0":{"type":"branch","line":11,"loc":{"start":{"line":11,"column":34},"end":{"line":11,"column":61}},"locations":[{"start":{"line":11,"column":34},"end":{"line":11,"column":61}}]},"1":{"type":"branch","line":11,"loc":{"start":{"line":11,"column":61},"end":{"line":11,"column":72}},"locations":[{"start":{"line":11,"column":61},"end":{"line":11,"column":72}}]}},"b":{"0":[6],"1":[54]},"fnMap":{},"f":{}}
,"C:\\Users\\alen2\\OneDrive\\Namizje\\FERI\\Magisterski\\1. letnik\\1. semester\\RIRS\\Project\\frontend\\evidencaLetenja\\src\\lib\\components\\ui\\calendar\\calendar-grid.svelte": {"path":"C:\\Users\\alen2\\OneDrive\\Namizje\\FERI\\Magisterski\\1. letnik\\1. semester\\RIRS\\Project\\frontend\\evidencaLetenja\\src\\lib\\components\\ui\\calendar\\calendar-grid.svelte","all":false,"statementMap":{"0":{"start":{"line":1,"column":0},"end":{"line":1,"column":18}},"6":{"start":{"line":7,"column":0},"end":{"line":7,"column":45}},"10":{"start":{"line":11,"column":0},"end":{"line":11,"column":99}}},"s":{"0":1,"6":1,"10":1},"branchMap":{"0":{"type":"branch","line":11,"loc":{"start":{"line":11,"column":31},"end":{"line":11,"column":86}},"locations":[{"start":{"line":11,"column":31},"end":{"line":11,"column":86}}]},"1":{"type":"branch","line":11,"loc":{"start":{"line":11,"column":86},"end":{"line":11,"column":97}},"locations":[{"start":{"line":11,"column":86},"end":{"line":11,"column":97}}]}},"b":{"0":[1],"1":[9]},"fnMap":{},"f":{}}
,"C:\\Users\\alen2\\OneDrive\\Namizje\\FERI\\Magisterski\\1. letnik\\1. semester\\RIRS\\Project\\frontend\\evidencaLetenja\\src\\lib\\components\\ui\\calendar\\calendar-head-cell.svelte": {"path":"C:\\Users\\alen2\\OneDrive\\Namizje\\FERI\\Magisterski\\1. letnik\\1. semester\\RIRS\\Project\\frontend\\evidencaLetenja\\src\\lib\\components\\ui\\calendar\\calendar-head-cell.svelte","all":false,"statementMap":{"0":{"start":{"line":1,"column":0},"end":{"line":1,"column":18}},"6":{"start":{"line":7,"column":0},"end":{"line":7,"column":45}},"11":{"start":{"line":12,"column":0},"end":{"line":12,"column":88}},"12":{"start":{"line":13,"column":0},"end":{"line":13,"column":17}}},"s":{"0":1,"6":1,"11":1,"12":1},"branchMap":{"0":{"type":"branch","line":12,"loc":{"start":{"line":12,"column":8},"end":{"line":12,"column":88}},"locations":[{"start":{"line":12,"column":8},"end":{"line":12,"column":88}}]},"1":{"type":"branch","line":13,"loc":{"start":{"line":13,"column":5},"end":{"line":13,"column":16}},"locations":[{"start":{"line":13,"column":5},"end":{"line":13,"column":16}}]}},"b":{"0":[7],"1":[63]},"fnMap":{},"f":{}}
,"C:\\Users\\alen2\\OneDrive\\Namizje\\FERI\\Magisterski\\1. letnik\\1. semester\\RIRS\\Project\\frontend\\evidencaLetenja\\src\\lib\\components\\ui\\calendar\\calendar-header.svelte": {"path":"C:\\Users\\alen2\\OneDrive\\Namizje\\FERI\\Magisterski\\1. letnik\\1. semester\\RIRS\\Project\\frontend\\evidencaLetenja\\src\\lib\\components\\ui\\calendar\\calendar-header.svelte","all":false,"statementMap":{"0":{"start":{"line":1,"column":0},"end":{"line":1,"column":18}},"6":{"start":{"line":7,"column":0},"end":{"line":7,"column":45}},"11":{"start":{"line":12,"column":0},"end":{"line":12,"column":80}},"12":{"start":{"line":13,"column":0},"end":{"line":13,"column":17}}},"s":{"0":1,"6":1,"11":1,"12":1},"branchMap":{"0":{"type":"branch","line":12,"loc":{"start":{"line":12,"column":8},"end":{"line":12,"column":80}},"locations":[{"start":{"line":12,"column":8},"end":{"line":12,"column":80}}]},"1":{"type":"branch","line":13,"loc":{"start":{"line":13,"column":5},"end":{"line":13,"column":16}},"locations":[{"start":{"line":13,"column":5},"end":{"line":13,"column":16}}]}},"b":{"0":[1],"1":[9]},"fnMap":{},"f":{}}
,"C:\\Users\\alen2\\OneDrive\\Namizje\\FERI\\Magisterski\\1. letnik\\1. semester\\RIRS\\Project\\frontend\\evidencaLetenja\\src\\lib\\components\\ui\\calendar\\calendar-heading.svelte": {"path":"C:\\Users\\alen2\\OneDrive\\Namizje\\FERI\\Magisterski\\1. letnik\\1. semester\\RIRS\\Project\\frontend\\evidencaLetenja\\src\\lib\\components\\ui\\calendar\\calendar-heading.svelte","all":false,"statementMap":{"0":{"start":{"line":1,"column":0},"end":{"line":1,"column":18}},"6":{"start":{"line":7,"column":0},"end":{"line":7,"column":45}},"12":{"start":{"line":13,"column":0},"end":{"line":13,"column":45}},"13":{"start":{"line":14,"column":0},"end":{"line":14,"column":17}},"16":{"start":{"line":17,"column":0},"end":{"line":17,"column":16}}},"s":{"0":1,"6":1,"12":1,"13":1,"16":1},"branchMap":{"0":{"type":"branch","line":13,"loc":{"start":{"line":13,"column":8},"end":{"line":13,"column":45}},"locations":[{"start":{"line":13,"column":8},"end":{"line":13,"column":45}}]},"1":{"type":"branch","line":14,"loc":{"start":{"line":14,"column":5},"end":{"line":14,"column":16}},"locations":[{"start":{"line":14,"column":5},"end":{"line":14,"column":16}}]},"2":{"type":"branch","line":17,"loc":{"start":{"line":17,"column":3},"end":{"line":17,"column":16}},"locations":[{"start":{"line":17,"column":3},"end":{"line":17,"column":16}}]}},"b":{"0":[1],"1":[9],"2":[1]},"fnMap":{"0":{"name":"Calendar_heading.__vite_ssr_import_2__.Calendar.Heading.__vite_ssr_import_1__.spread_props.children","decl":{"start":{"line":14,"column":5},"end":{"line":14,"column":16}},"loc":{"start":{"line":14,"column":5},"end":{"line":14,"column":16}},"line":14}},"f":{"0":9}}
,"C:\\Users\\alen2\\OneDrive\\Namizje\\FERI\\Magisterski\\1. letnik\\1. semester\\RIRS\\Project\\frontend\\evidencaLetenja\\src\\lib\\components\\ui\\calendar\\calendar-months.svelte": {"path":"C:\\Users\\alen2\\OneDrive\\Namizje\\FERI\\Magisterski\\1. letnik\\1. semester\\RIRS\\Project\\frontend\\evidencaLetenja\\src\\lib\\components\\ui\\calendar\\calendar-months.svelte","all":false,"statementMap":{"0":{"start":{"line":1,"column":0},"end":{"line":1,"column":18}},"6":{"start":{"line":7,"column":0},"end":{"line":7,"column":45}},"11":{"start":{"line":12,"column":0},"end":{"line":12,"column":92}},"12":{"start":{"line":13,"column":0},"end":{"line":13,"column":17}}},"s":{"0":1,"6":1,"11":1,"12":1},"branchMap":{},"b":{},"fnMap":{},"f":{}}
,"C:\\Users\\alen2\\OneDrive\\Namizje\\FERI\\Magisterski\\1. letnik\\1. semester\\RIRS\\Project\\frontend\\evidencaLetenja\\src\\lib\\components\\ui\\calendar\\calendar-next-button.svelte": {"path":"C:\\Users\\alen2\\OneDrive\\Namizje\\FERI\\Magisterski\\1. letnik\\1. semester\\RIRS\\Project\\frontend\\evidencaLetenja\\src\\lib\\components\\ui\\calendar\\calendar-next-button.svelte","all":false,"statementMap":{"0":{"start":{"line":1,"column":0},"end":{"line":1,"column":18}},"9":{"start":{"line":10,"column":0},"end":{"line":10,"column":45}},"15":{"start":{"line":16,"column":0},"end":{"line":16,"column":11}},"16":{"start":{"line":17,"column":0},"end":{"line":17,"column":41}},"17":{"start":{"line":18,"column":0},"end":{"line":18,"column":60}},"18":{"start":{"line":19,"column":0},"end":{"line":19,"column":11}},"20":{"start":{"line":21,"column":0},"end":{"line":21,"column":17}}},"s":{"0":1,"9":1,"15":1,"16":1,"17":1,"18":1,"20":1},"branchMap":{"0":{"type":"branch","line":16,"loc":{"start":{"line":16,"column":8},"end":{"line":19,"column":11}},"locations":[{"start":{"line":16,"column":8},"end":{"line":19,"column":11}}]},"1":{"type":"branch","line":21,"loc":{"start":{"line":21,"column":5},"end":{"line":21,"column":16}},"locations":[{"start":{"line":21,"column":5},"end":{"line":21,"column":16}}]}},"b":{"0":[1],"1":[9]},"fnMap":{"0":{"name":"Calendar_next_button.__vite_ssr_import_2__.Calendar.NextButton.__vite_ssr_import_1__.spread_props.$$events.click","decl":{"start":{"line":21,"column":5},"end":{"line":21,"column":16}},"loc":{"start":{"line":21,"column":5},"end":{"line":21,"column":16}},"line":21}},"f":{"0":9}}
,"C:\\Users\\alen2\\OneDrive\\Namizje\\FERI\\Magisterski\\1. letnik\\1. semester\\RIRS\\Project\\frontend\\evidencaLetenja\\src\\lib\\components\\ui\\calendar\\calendar-prev-button.svelte": {"path":"C:\\Users\\alen2\\OneDrive\\Namizje\\FERI\\Magisterski\\1. letnik\\1. semester\\RIRS\\Project\\frontend\\evidencaLetenja\\src\\lib\\components\\ui\\calendar\\calendar-prev-button.svelte","all":false,"statementMap":{"0":{"start":{"line":1,"column":0},"end":{"line":1,"column":18}},"9":{"start":{"line":10,"column":0},"end":{"line":10,"column":45}},"15":{"start":{"line":16,"column":0},"end":{"line":16,"column":11}},"16":{"start":{"line":17,"column":0},"end":{"line":17,"column":41}},"17":{"start":{"line":18,"column":0},"end":{"line":18,"column":60}},"18":{"start":{"line":19,"column":0},"end":{"line":19,"column":11}},"20":{"start":{"line":21,"column":0},"end":{"line":21,"column":17}}},"s":{"0":1,"9":1,"15":1,"16":1,"17":1,"18":1,"20":1},"branchMap":{"0":{"type":"branch","line":16,"loc":{"start":{"line":16,"column":8},"end":{"line":19,"column":11}},"locations":[{"start":{"line":16,"column":8},"end":{"line":19,"column":11}}]},"1":{"type":"branch","line":21,"loc":{"start":{"line":21,"column":5},"end":{"line":21,"column":16}},"locations":[{"start":{"line":21,"column":5},"end":{"line":21,"column":16}}]}},"b":{"0":[1],"1":[9]},"fnMap":{"0":{"name":"Calendar_prev_button.__vite_ssr_import_2__.Calendar.PrevButton.__vite_ssr_import_1__.spread_props.$$events.click","decl":{"start":{"line":21,"column":5},"end":{"line":21,"column":16}},"loc":{"start":{"line":21,"column":5},"end":{"line":21,"column":16}},"line":21}},"f":{"0":9}}
,"C:\\Users\\alen2\\OneDrive\\Namizje\\FERI\\Magisterski\\1. letnik\\1. semester\\RIRS\\Project\\frontend\\evidencaLetenja\\src\\lib\\components\\ui\\calendar\\calendar.svelte": {"path":"C:\\Users\\alen2\\OneDrive\\Namizje\\FERI\\Magisterski\\1. letnik\\1. semester\\RIRS\\Project\\frontend\\evidencaLetenja\\src\\lib\\components\\ui\\calendar\\calendar.svelte","all":false,"statementMap":{"0":{"start":{"line":1,"column":0},"end":{"line":1,"column":18}},"9":{"start":{"line":10,"column":0},"end":{"line":10,"column":48}},"10":{"start":{"line":11,"column":0},"end":{"line":11,"column":60}},"11":{"start":{"line":12,"column":0},"end":{"line":12,"column":62}},"13":{"start":{"line":14,"column":0},"end":{"line":14,"column":45}},"21":{"start":{"line":22,"column":0},"end":{"line":22,"column":29}},"22":{"start":{"line":23,"column":0},"end":{"line":23,"column":17}},"33":{"start":{"line":34,"column":0},"end":{"line":34,"column":25}},"37":{"start":{"line":38,"column":0},"end":{"line":38,"column":33}},"39":{"start":{"line":40,"column":0},"end":{"line":40,"column":29}},"45":{"start":{"line":46,"column":0},"end":{"line":46,"column":37}},"47":{"start":{"line":48,"column":0},"end":{"line":48,"column":32}},"49":{"start":{"line":50,"column":0},"end":{"line":50,"column":52}}},"s":{"0":1,"9":1,"10":1,"11":1,"13":1,"21":1,"22":1,"33":1,"37":1,"39":1,"45":1,"47":1,"49":1},"branchMap":{"0":{"type":"branch","line":22,"loc":{"start":{"line":22,"column":8},"end":{"line":22,"column":29}},"locations":[{"start":{"line":22,"column":8},"end":{"line":22,"column":29}}]},"1":{"type":"branch","line":23,"loc":{"start":{"line":23,"column":5},"end":{"line":23,"column":16}},"locations":[{"start":{"line":23,"column":5},"end":{"line":23,"column":16}}]},"2":{"type":"branch","line":34,"loc":{"start":{"line":34,"column":9},"end":{"line":34,"column":19}},"locations":[{"start":{"line":34,"column":9},"end":{"line":34,"column":19}}]},"3":{"type":"branch","line":38,"loc":{"start":{"line":38,"column":13},"end":{"line":38,"column":25}},"locations":[{"start":{"line":38,"column":13},"end":{"line":38,"column":25}}]},"4":{"type":"branch","line":40,"loc":{"start":{"line":40,"column":9},"end":{"line":40,"column":29}},"locations":[{"start":{"line":40,"column":9},"end":{"line":40,"column":29}}]},"5":{"type":"branch","line":46,"loc":{"start":{"line":46,"column":12},"end":{"line":46,"column":23}},"locations":[{"start":{"line":46,"column":12},"end":{"line":46,"column":23}}]},"6":{"type":"branch","line":48,"loc":{"start":{"line":48,"column":14},"end":{"line":48,"column":27}},"locations":[{"start":{"line":48,"column":14},"end":{"line":48,"column":27}}]}},"b":{"0":[1],"1":[70],"2":[2],"3":[2],"4":[7],"5":[2],"6":[10]},"fnMap":{"0":{"name":"Calendar_1.__vite_ssr_import_2__.Calendar.Root.__vite_ssr_import_1__.spread_props.$$events.keydown","decl":{"start":{"line":23,"column":5},"end":{"line":23,"column":16}},"loc":{"start":{"line":23,"column":5},"end":{"line":23,"column":16}},"line":23},"1":{"name":"__vite_ssr_import_1__.each.__vite_ssr_import_3__.GridRow.class","decl":{"start":{"line":46,"column":12},"end":{"line":46,"column":23}},"loc":{"start":{"line":46,"column":12},"end":{"line":46,"column":23}},"line":46}},"f":{"0":70,"1":2}}
,"C:\\Users\\alen2\\OneDrive\\Namizje\\FERI\\Magisterski\\1. letnik\\1. semester\\RIRS\\Project\\frontend\\evidencaLetenja\\src\\lib\\components\\ui\\calendar\\index.ts": {"path":"C:\\Users\\alen2\\OneDrive\\Namizje\\FERI\\Magisterski\\1. letnik\\1. semester\\RIRS\\Project\\frontend\\evidencaLetenja\\src\\lib\\components\\ui\\calendar\\index.ts","all":false,"statementMap":{"0":{"start":{"line":1,"column":0},"end":{"line":1,"column":37}}},"s":{"0":1},"branchMap":{},"b":{},"fnMap":{},"f":{}}
,"C:\\Users\\alen2\\OneDrive\\Namizje\\FERI\\Magisterski\\1. letnik\\1. semester\\RIRS\\Project\\frontend\\evidencaLetenja\\src\\lib\\components\\ui\\carousel\\carousel-content.svelte": {"path":"C:\\Users\\alen2\\OneDrive\\Namizje\\FERI\\Magisterski\\1. letnik\\1. semester\\RIRS\\Project\\frontend\\evidencaLetenja\\src\\lib\\components\\ui\\carousel\\carousel-content.svelte","all":true,"statementMap":{"0":{"start":{"line":1,"column":0},"end":{"line":1,"column":18}},"1":{"start":{"line":2,"column":0},"end":{"line":2,"column":55}},"2":{"start":{"line":3,"column":0},"end":{"line":3,"column":57}},"3":{"start":{"line":4,"column":0},"end":{"line":4,"column":48}},"4":{"start":{"line":5,"column":0},"end":{"line":5,"column":36}},"5":{"start":{"line":6,"column":0},"end":{"line":6,"column":0}},"6":{"start":{"line":7,"column":0},"end":{"line":7,"column":47}},"7":{"start":{"line":8,"column":0},"end":{"line":8,"column":0}},"8":{"start":{"line":9,"column":0},"end":{"line":9,"column":54}},"9":{"start":{"line":10,"column":0},"end":{"line":10,"column":31}},"10":{"start":{"line":11,"column":0},"end":{"line":11,"column":0}},"11":{"start":{"line":12,"column":0},"end":{"line":12,"column":90}},"12":{"start":{"line":13,"column":0},"end":{"line":13,"column":9}},"13":{"start":{"line":14,"column":0},"end":{"line":14,"column":0}},"14":{"start":{"line":15,"column":0},"end":{"line":15,"column":4}},"15":{"start":{"line":16,"column":0},"end":{"line":16,"column":24}},"16":{"start":{"line":17,"column":0},"end":{"line":17,"column":27}},"17":{"start":{"line":18,"column":0},"end":{"line":18,"column":12}},"18":{"start":{"line":19,"column":0},"end":{"line":19,"column":39}},"19":{"start":{"line":20,"column":0},"end":{"line":20,"column":32}},"20":{"start":{"line":21,"column":0},"end":{"line":21,"column":15}},"21":{"start":{"line":22,"column":0},"end":{"line":22,"column":51}},"22":{"start":{"line":23,"column":0},"end":{"line":23,"column":4}},"23":{"start":{"line":24,"column":0},"end":{"line":24,"column":20}},"24":{"start":{"line":25,"column":0},"end":{"line":25,"column":3}},"25":{"start":{"line":26,"column":0},"end":{"line":26,"column":22}},"26":{"start":{"line":27,"column":0},"end":{"line":27,"column":1}},"27":{"start":{"line":28,"column":0},"end":{"line":28,"column":5}},"28":{"start":{"line":29,"column":0},"end":{"line":29,"column":91}},"29":{"start":{"line":30,"column":0},"end":{"line":30,"column":25}},"30":{"start":{"line":31,"column":0},"end":{"line":31,"column":18}},"31":{"start":{"line":32,"column":0},"end":{"line":32,"column":2}},"32":{"start":{"line":33,"column":0},"end":{"line":33,"column":10}},"33":{"start":{"line":34,"column":0},"end":{"line":34,"column":7}},"34":{"start":{"line":35,"column":0},"end":{"line":35,"column":6}}},"s":{"0":0,"1":0,"2":0,"3":0,"4":0,"5":0,"6":0,"7":0,"8":0,"9":0,"10":0,"11":0,"12":0,"13":0,"14":0,"15":0,"16":0,"17":0,"18":0,"19":0,"20":0,"21":0,"22":0,"23":0,"24":0,"25":0,"26":0,"27":0,"28":0,"29":0,"30":0,"31":0,"32":0,"33":0,"34":0},"branchMap":{"0":{"type":"branch","line":1,"loc":{"start":{"line":1,"column":0},"end":{"line":35,"column":6}},"locations":[{"start":{"line":1,"column":0},"end":{"line":35,"column":6}}]}},"b":{"0":[0]},"fnMap":{"0":{"name":"(empty-report)","decl":{"start":{"line":1,"column":0},"end":{"line":35,"column":6}},"loc":{"start":{"line":1,"column":0},"end":{"line":35,"column":6}},"line":1}},"f":{"0":0}}
,"C:\\Users\\alen2\\OneDrive\\Namizje\\FERI\\Magisterski\\1. letnik\\1. semester\\RIRS\\Project\\frontend\\evidencaLetenja\\src\\lib\\components\\ui\\carousel\\carousel-item.svelte": {"path":"C:\\Users\\alen2\\OneDrive\\Namizje\\FERI\\Magisterski\\1. letnik\\1. semester\\RIRS\\Project\\frontend\\evidencaLetenja\\src\\lib\\components\\ui\\carousel\\carousel-item.svelte","all":true,"statementMap":{"0":{"start":{"line":1,"column":0},"end":{"line":1,"column":18}},"1":{"start":{"line":2,"column":0},"end":{"line":2,"column":55}},"2":{"start":{"line":3,"column":0},"end":{"line":3,"column":48}},"3":{"start":{"line":4,"column":0},"end":{"line":4,"column":36}},"4":{"start":{"line":5,"column":0},"end":{"line":5,"column":0}},"5":{"start":{"line":6,"column":0},"end":{"line":6,"column":47}},"6":{"start":{"line":7,"column":0},"end":{"line":7,"column":54}},"7":{"start":{"line":8,"column":0},"end":{"line":8,"column":31}},"8":{"start":{"line":9,"column":0},"end":{"line":9,"column":0}},"9":{"start":{"line":10,"column":0},"end":{"line":10,"column":61}},"10":{"start":{"line":11,"column":0},"end":{"line":11,"column":9}},"11":{"start":{"line":12,"column":0},"end":{"line":12,"column":0}},"12":{"start":{"line":13,"column":0},"end":{"line":13,"column":4}},"13":{"start":{"line":14,"column":0},"end":{"line":14,"column":13}},"14":{"start":{"line":15,"column":0},"end":{"line":15,"column":29}},"15":{"start":{"line":16,"column":0},"end":{"line":16,"column":11}},"16":{"start":{"line":17,"column":0},"end":{"line":17,"column":39}},"17":{"start":{"line":18,"column":0},"end":{"line":18,"column":50}},"18":{"start":{"line":19,"column":0},"end":{"line":19,"column":11}},"19":{"start":{"line":20,"column":0},"end":{"line":20,"column":3}},"20":{"start":{"line":21,"column":0},"end":{"line":21,"column":20}},"21":{"start":{"line":22,"column":0},"end":{"line":22,"column":17}},"22":{"start":{"line":23,"column":0},"end":{"line":23,"column":1}},"23":{"start":{"line":24,"column":0},"end":{"line":24,"column":9}},"24":{"start":{"line":25,"column":0},"end":{"line":25,"column":6}}},"s":{"0":0,"1":0,"2":0,"3":0,"4":0,"5":0,"6":0,"7":0,"8":0,"9":0,"10":0,"11":0,"12":0,"13":0,"14":0,"15":0,"16":0,"17":0,"18":0,"19":0,"20":0,"21":0,"22":0,"23":0,"24":0},"branchMap":{"0":{"type":"branch","line":1,"loc":{"start":{"line":1,"column":0},"end":{"line":25,"column":6}},"locations":[{"start":{"line":1,"column":0},"end":{"line":25,"column":6}}]}},"b":{"0":[0]},"fnMap":{"0":{"name":"(empty-report)","decl":{"start":{"line":1,"column":0},"end":{"line":25,"column":6}},"loc":{"start":{"line":1,"column":0},"end":{"line":25,"column":6}},"line":1}},"f":{"0":0}}
,"C:\\Users\\alen2\\OneDrive\\Namizje\\FERI\\Magisterski\\1. letnik\\1. semester\\RIRS\\Project\\frontend\\evidencaLetenja\\src\\lib\\components\\ui\\carousel\\carousel-next.svelte": {"path":"C:\\Users\\alen2\\OneDrive\\Namizje\\FERI\\Magisterski\\1. letnik\\1. semester\\RIRS\\Project\\frontend\\evidencaLetenja\\src\\lib\\components\\ui\\carousel\\carousel-next.svelte","all":true,"statementMap":{"0":{"start":{"line":1,"column":0},"end":{"line":1,"column":18}},"1":{"start":{"line":2,"column":0},"end":{"line":2,"column":58}},"2":{"start":{"line":3,"column":0},"end":{"line":3,"column":55}},"3":{"start":{"line":4,"column":0},"end":{"line":4,"column":48}},"4":{"start":{"line":5,"column":0},"end":{"line":5,"column":36}},"5":{"start":{"line":6,"column":0},"end":{"line":6,"column":9}},"6":{"start":{"line":7,"column":0},"end":{"line":7,"column":9}},"7":{"start":{"line":8,"column":0},"end":{"line":8,"column":13}},"8":{"start":{"line":9,"column":0},"end":{"line":9,"column":22}},"9":{"start":{"line":10,"column":0},"end":{"line":10,"column":45}},"10":{"start":{"line":11,"column":0},"end":{"line":11,"column":0}},"11":{"start":{"line":12,"column":0},"end":{"line":12,"column":22}},"12":{"start":{"line":13,"column":0},"end":{"line":13,"column":0}},"13":{"start":{"line":14,"column":0},"end":{"line":14,"column":45}},"14":{"start":{"line":15,"column":0},"end":{"line":15,"column":31}},"15":{"start":{"line":16,"column":0},"end":{"line":16,"column":80}},"16":{"start":{"line":17,"column":0},"end":{"line":17,"column":71}},"17":{"start":{"line":18,"column":0},"end":{"line":18,"column":66}},"18":{"start":{"line":19,"column":0},"end":{"line":19,"column":38}},"19":{"start":{"line":20,"column":0},"end":{"line":20,"column":9}},"20":{"start":{"line":21,"column":0},"end":{"line":21,"column":0}},"21":{"start":{"line":22,"column":0},"end":{"line":22,"column":7}},"22":{"start":{"line":23,"column":0},"end":{"line":23,"column":10}},"23":{"start":{"line":24,"column":0},"end":{"line":24,"column":7}},"24":{"start":{"line":25,"column":0},"end":{"line":25,"column":11}},"25":{"start":{"line":26,"column":0},"end":{"line":26,"column":53}},"26":{"start":{"line":27,"column":0},"end":{"line":27,"column":31}},"27":{"start":{"line":28,"column":0},"end":{"line":28,"column":41}},"28":{"start":{"line":29,"column":0},"end":{"line":29,"column":54}},"29":{"start":{"line":30,"column":0},"end":{"line":30,"column":11}},"30":{"start":{"line":31,"column":0},"end":{"line":31,"column":3}},"31":{"start":{"line":32,"column":0},"end":{"line":32,"column":27}},"32":{"start":{"line":33,"column":0},"end":{"line":33,"column":22}},"33":{"start":{"line":34,"column":0},"end":{"line":34,"column":27}},"34":{"start":{"line":35,"column":0},"end":{"line":35,"column":17}},"35":{"start":{"line":36,"column":0},"end":{"line":36,"column":1}},"36":{"start":{"line":37,"column":0},"end":{"line":37,"column":31}},"37":{"start":{"line":38,"column":0},"end":{"line":38,"column":40}},"38":{"start":{"line":39,"column":0},"end":{"line":39,"column":9}}},"s":{"0":0,"1":0,"2":0,"3":0,"4":0,"5":0,"6":0,"7":0,"8":0,"9":0,"10":0,"11":0,"12":0,"13":0,"14":0,"15":0,"16":0,"17":0,"18":0,"19":0,"20":0,"21":0,"22":0,"23":0,"24":0,"25":0,"26":0,"27":0,"28":0,"29":0,"30":0,"31":0,"32":0,"33":0,"34":0,"35":0,"36":0,"37":0,"38":0},"branchMap":{"0":{"type":"branch","line":1,"loc":{"start":{"line":1,"column":0},"end":{"line":39,"column":9}},"locations":[{"start":{"line":1,"column":0},"end":{"line":39,"column":9}}]}},"b":{"0":[0]},"fnMap":{"0":{"name":"(empty-report)","decl":{"start":{"line":1,"column":0},"end":{"line":39,"column":9}},"loc":{"start":{"line":1,"column":0},"end":{"line":39,"column":9}},"line":1}},"f":{"0":0}}
,"C:\\Users\\alen2\\OneDrive\\Namizje\\FERI\\Magisterski\\1. letnik\\1. semester\\RIRS\\Project\\frontend\\evidencaLetenja\\src\\lib\\components\\ui\\carousel\\carousel-previous.svelte": {"path":"C:\\Users\\alen2\\OneDrive\\Namizje\\FERI\\Magisterski\\1. letnik\\1. semester\\RIRS\\Project\\frontend\\evidencaLetenja\\src\\lib\\components\\ui\\carousel\\carousel-previous.svelte","all":true,"statementMap":{"0":{"start":{"line":1,"column":0},"end":{"line":1,"column":18}},"1":{"start":{"line":2,"column":0},"end":{"line":2,"column":56}},"2":{"start":{"line":3,"column":0},"end":{"line":3,"column":55}},"3":{"start":{"line":4,"column":0},"end":{"line":4,"column":48}},"4":{"start":{"line":5,"column":0},"end":{"line":5,"column":36}},"5":{"start":{"line":6,"column":0},"end":{"line":6,"column":9}},"6":{"start":{"line":7,"column":0},"end":{"line":7,"column":9}},"7":{"start":{"line":8,"column":0},"end":{"line":8,"column":13}},"8":{"start":{"line":9,"column":0},"end":{"line":9,"column":22}},"9":{"start":{"line":10,"column":0},"end":{"line":10,"column":45}},"10":{"start":{"line":11,"column":0},"end":{"line":11,"column":0}},"11":{"start":{"line":12,"column":0},"end":{"line":12,"column":22}},"12":{"start":{"line":13,"column":0},"end":{"line":13,"column":0}},"13":{"start":{"line":14,"column":0},"end":{"line":14,"column":45}},"14":{"start":{"line":15,"column":0},"end":{"line":15,"column":31}},"15":{"start":{"line":16,"column":0},"end":{"line":16,"column":80}},"16":{"start":{"line":17,"column":0},"end":{"line":17,"column":71}},"17":{"start":{"line":18,"column":0},"end":{"line":18,"column":0}},"18":{"start":{"line":19,"column":0},"end":{"line":19,"column":66}},"19":{"start":{"line":20,"column":0},"end":{"line":20,"column":42}},"20":{"start":{"line":21,"column":0},"end":{"line":21,"column":9}},"21":{"start":{"line":22,"column":0},"end":{"line":22,"column":0}},"22":{"start":{"line":23,"column":0},"end":{"line":23,"column":7}},"23":{"start":{"line":24,"column":0},"end":{"line":24,"column":10}},"24":{"start":{"line":25,"column":0},"end":{"line":25,"column":7}},"25":{"start":{"line":26,"column":0},"end":{"line":26,"column":11}},"26":{"start":{"line":27,"column":0},"end":{"line":27,"column":53}},"27":{"start":{"line":28,"column":0},"end":{"line":28,"column":31}},"28":{"start":{"line":29,"column":0},"end":{"line":29,"column":40}},"29":{"start":{"line":30,"column":0},"end":{"line":30,"column":51}},"30":{"start":{"line":31,"column":0},"end":{"line":31,"column":11}},"31":{"start":{"line":32,"column":0},"end":{"line":32,"column":3}},"32":{"start":{"line":33,"column":0},"end":{"line":33,"column":27}},"33":{"start":{"line":34,"column":0},"end":{"line":34,"column":22}},"34":{"start":{"line":35,"column":0},"end":{"line":35,"column":27}},"35":{"start":{"line":36,"column":0},"end":{"line":36,"column":17}},"36":{"start":{"line":37,"column":0},"end":{"line":37,"column":1}},"37":{"start":{"line":38,"column":0},"end":{"line":38,"column":30}},"38":{"start":{"line":39,"column":0},"end":{"line":39,"column":44}},"39":{"start":{"line":40,"column":0},"end":{"line":40,"column":9}}},"s":{"0":0,"1":0,"2":0,"3":0,"4":0,"5":0,"6":0,"7":0,"8":0,"9":0,"10":0,"11":0,"12":0,"13":0,"14":0,"15":0,"16":0,"17":0,"18":0,"19":0,"20":0,"21":0,"22":0,"23":0,"24":0,"25":0,"26":0,"27":0,"28":0,"29":0,"30":0,"31":0,"32":0,"33":0,"34":0,"35":0,"36":0,"37":0,"38":0,"39":0},"branchMap":{"0":{"type":"branch","line":1,"loc":{"start":{"line":1,"column":0},"end":{"line":40,"column":9}},"locations":[{"start":{"line":1,"column":0},"end":{"line":40,"column":9}}]}},"b":{"0":[0]},"fnMap":{"0":{"name":"(empty-report)","decl":{"start":{"line":1,"column":0},"end":{"line":40,"column":9}},"loc":{"start":{"line":1,"column":0},"end":{"line":40,"column":9}},"line":1}},"f":{"0":0}}
,"C:\\Users\\alen2\\OneDrive\\Namizje\\FERI\\Magisterski\\1. letnik\\1. semester\\RIRS\\Project\\frontend\\evidencaLetenja\\src\\lib\\components\\ui\\carousel\\carousel.svelte": {"path":"C:\\Users\\alen2\\OneDrive\\Namizje\\FERI\\Magisterski\\1. letnik\\1. semester\\RIRS\\Project\\frontend\\evidencaLetenja\\src\\lib\\components\\ui\\carousel\\carousel.svelte","all":true,"statementMap":{"0":{"start":{"line":1,"column":0},"end":{"line":1,"column":18}},"1":{"start":{"line":2,"column":0},"end":{"line":2,"column":41}},"2":{"start":{"line":3,"column":0},"end":{"line":3,"column":36}},"3":{"start":{"line":4,"column":0},"end":{"line":4,"column":86}},"4":{"start":{"line":5,"column":0},"end":{"line":5,"column":36}},"5":{"start":{"line":6,"column":0},"end":{"line":6,"column":0}},"6":{"start":{"line":7,"column":0},"end":{"line":7,"column":30}},"7":{"start":{"line":8,"column":0},"end":{"line":8,"column":0}},"8":{"start":{"line":9,"column":0},"end":{"line":9,"column":22}},"9":{"start":{"line":10,"column":0},"end":{"line":10,"column":58}},"10":{"start":{"line":11,"column":0},"end":{"line":11,"column":44}},"11":{"start":{"line":12,"column":0},"end":{"line":12,"column":76}},"12":{"start":{"line":13,"column":0},"end":{"line":13,"column":0}},"13":{"start":{"line":14,"column":0},"end":{"line":14,"column":45}},"14":{"start":{"line":15,"column":0},"end":{"line":15,"column":31}},"15":{"start":{"line":16,"column":0},"end":{"line":16,"column":0}},"16":{"start":{"line":17,"column":0},"end":{"line":17,"column":63}},"17":{"start":{"line":18,"column":0},"end":{"line":18,"column":48}},"18":{"start":{"line":19,"column":0},"end":{"line":19,"column":39}},"19":{"start":{"line":20,"column":0},"end":{"line":20,"column":39}},"20":{"start":{"line":21,"column":0},"end":{"line":21,"column":37}},"21":{"start":{"line":22,"column":0},"end":{"line":22,"column":39}},"22":{"start":{"line":23,"column":0},"end":{"line":23,"column":49}},"23":{"start":{"line":24,"column":0},"end":{"line":24,"column":40}},"24":{"start":{"line":25,"column":0},"end":{"line":25,"column":0}},"25":{"start":{"line":26,"column":0},"end":{"line":26,"column":38}},"26":{"start":{"line":27,"column":0},"end":{"line":27,"column":29}},"27":{"start":{"line":28,"column":0},"end":{"line":28,"column":27}},"28":{"start":{"line":29,"column":0},"end":{"line":29,"column":0}},"29":{"start":{"line":30,"column":0},"end":{"line":30,"column":24}},"30":{"start":{"line":31,"column":0},"end":{"line":31,"column":20}},"31":{"start":{"line":32,"column":0},"end":{"line":32,"column":2}},"32":{"start":{"line":33,"column":0},"end":{"line":33,"column":24}},"33":{"start":{"line":34,"column":0},"end":{"line":34,"column":20}},"34":{"start":{"line":35,"column":0},"end":{"line":35,"column":2}},"35":{"start":{"line":36,"column":0},"end":{"line":36,"column":51}},"36":{"start":{"line":37,"column":0},"end":{"line":37,"column":29}},"37":{"start":{"line":38,"column":0},"end":{"line":38,"column":2}},"38":{"start":{"line":39,"column":0},"end":{"line":39,"column":0}},"39":{"start":{"line":40,"column":0},"end":{"line":40,"column":38}},"40":{"start":{"line":41,"column":0},"end":{"line":41,"column":19}},"41":{"start":{"line":42,"column":0},"end":{"line":42,"column":41}},"42":{"start":{"line":43,"column":0},"end":{"line":43,"column":41}},"43":{"start":{"line":44,"column":0},"end":{"line":44,"column":51}},"44":{"start":{"line":45,"column":0},"end":{"line":45,"column":2}},"45":{"start":{"line":46,"column":0},"end":{"line":46,"column":0}},"46":{"start":{"line":47,"column":0},"end":{"line":47,"column":14}},"47":{"start":{"line":48,"column":0},"end":{"line":48,"column":16}},"48":{"start":{"line":49,"column":0},"end":{"line":49,"column":29}},"49":{"start":{"line":50,"column":0},"end":{"line":50,"column":29}},"50":{"start":{"line":51,"column":0},"end":{"line":51,"column":2}},"51":{"start":{"line":52,"column":0},"end":{"line":52,"column":0}},"52":{"start":{"line":53,"column":0},"end":{"line":53,"column":43}},"53":{"start":{"line":54,"column":0},"end":{"line":54,"column":30}},"54":{"start":{"line":55,"column":0},"end":{"line":55,"column":22}},"55":{"start":{"line":56,"column":0},"end":{"line":56,"column":16}},"56":{"start":{"line":57,"column":0},"end":{"line":57,"column":38}},"57":{"start":{"line":58,"column":0},"end":{"line":58,"column":22}},"58":{"start":{"line":59,"column":0},"end":{"line":59,"column":16}},"59":{"start":{"line":60,"column":0},"end":{"line":60,"column":3}},"60":{"start":{"line":61,"column":0},"end":{"line":61,"column":2}},"61":{"start":{"line":62,"column":0},"end":{"line":62,"column":0}},"62":{"start":{"line":63,"column":0},"end":{"line":63,"column":18}},"63":{"start":{"line":64,"column":0},"end":{"line":64,"column":16}},"64":{"start":{"line":65,"column":0},"end":{"line":65,"column":13}},"65":{"start":{"line":66,"column":0},"end":{"line":66,"column":13}},"66":{"start":{"line":67,"column":0},"end":{"line":67,"column":32}},"67":{"start":{"line":68,"column":0},"end":{"line":68,"column":16}},"68":{"start":{"line":69,"column":0},"end":{"line":69,"column":16}},"69":{"start":{"line":70,"column":0},"end":{"line":70,"column":16}},"70":{"start":{"line":71,"column":0},"end":{"line":71,"column":24}},"71":{"start":{"line":72,"column":0},"end":{"line":72,"column":23}},"72":{"start":{"line":73,"column":0},"end":{"line":73,"column":9}},"73":{"start":{"line":74,"column":0},"end":{"line":74,"column":32}},"74":{"start":{"line":75,"column":0},"end":{"line":75,"column":36}},"75":{"start":{"line":76,"column":0},"end":{"line":76,"column":11}},"76":{"start":{"line":77,"column":0},"end":{"line":77,"column":4}},"77":{"start":{"line":78,"column":0},"end":{"line":78,"column":0}},"78":{"start":{"line":79,"column":0},"end":{"line":79,"column":51}},"79":{"start":{"line":80,"column":0},"end":{"line":80,"column":21}},"80":{"start":{"line":81,"column":0},"end":{"line":81,"column":20}},"81":{"start":{"line":82,"column":0},"end":{"line":82,"column":45}},"82":{"start":{"line":83,"column":0},"end":{"line":83,"column":2}},"83":{"start":{"line":84,"column":0},"end":{"line":84,"column":0}},"84":{"start":{"line":85,"column":0},"end":{"line":85,"column":18}},"85":{"start":{"line":86,"column":0},"end":{"line":86,"column":31}},"86":{"start":{"line":87,"column":0},"end":{"line":87,"column":4}},"87":{"start":{"line":88,"column":0},"end":{"line":88,"column":9}},"88":{"start":{"line":89,"column":0},"end":{"line":89,"column":0}},"89":{"start":{"line":90,"column":0},"end":{"line":90,"column":4}},"90":{"start":{"line":91,"column":0},"end":{"line":91,"column":34}},"91":{"start":{"line":92,"column":0},"end":{"line":92,"column":14}},"92":{"start":{"line":93,"column":0},"end":{"line":93,"column":14}},"93":{"start":{"line":94,"column":0},"end":{"line":94,"column":14}},"94":{"start":{"line":95,"column":0},"end":{"line":95,"column":32}},"95":{"start":{"line":96,"column":0},"end":{"line":96,"column":17}},"96":{"start":{"line":97,"column":0},"end":{"line":97,"column":1}},"97":{"start":{"line":98,"column":0},"end":{"line":98,"column":9}},"98":{"start":{"line":99,"column":0},"end":{"line":99,"column":6}}},"s":{"0":0,"1":0,"2":0,"3":0,"4":0,"5":0,"6":0,"7":0,"8":0,"9":0,"10":0,"11":0,"12":0,"13":0,"14":0,"15":0,"16":0,"17":0,"18":0,"19":0,"20":0,"21":0,"22":0,"23":0,"24":0,"25":0,"26":0,"27":0,"28":0,"29":0,"30":0,"31":0,"32":0,"33":0,"34":0,"35":0,"36":0,"37":0,"38":0,"39":0,"40":0,"41":0,"42":0,"43":0,"44":0,"45":0,"46":0,"47":0,"48":0,"49":0,"50":0,"51":0,"52":0,"53":0,"54":0,"55":0,"56":0,"57":0,"58":0,"59":0,"60":0,"61":0,"62":0,"63":0,"64":0,"65":0,"66":0,"67":0,"68":0,"69":0,"70":0,"71":0,"72":0,"73":0,"74":0,"75":0,"76":0,"77":0,"78":0,"79":0,"80":0,"81":0,"82":0,"83":0,"84":0,"85":0,"86":0,"87":0,"88":0,"89":0,"90":0,"91":0,"92":0,"93":0,"94":0,"95":0,"96":0,"97":0,"98":0},"branchMap":{"0":{"type":"branch","line":1,"loc":{"start":{"line":1,"column":0},"end":{"line":99,"column":6}},"locations":[{"start":{"line":1,"column":0},"end":{"line":99,"column":6}}]}},"b":{"0":[0]},"fnMap":{"0":{"name":"(empty-report)","decl":{"start":{"line":1,"column":0},"end":{"line":99,"column":6}},"loc":{"start":{"line":1,"column":0},"end":{"line":99,"column":6}},"line":1}},"f":{"0":0}}
,"C:\\Users\\alen2\\OneDrive\\Namizje\\FERI\\Magisterski\\1. letnik\\1. semester\\RIRS\\Project\\frontend\\evidencaLetenja\\src\\lib\\components\\ui\\carousel\\context.ts": {"path":"C:\\Users\\alen2\\OneDrive\\Namizje\\FERI\\Magisterski\\1. letnik\\1. semester\\RIRS\\Project\\frontend\\evidencaLetenja\\src\\lib\\components\\ui\\carousel\\context.ts","all":true,"statementMap":{"0":{"start":{"line":1,"column":0},"end":{"line":1,"column":69}},"1":{"start":{"line":2,"column":0},"end":{"line":2,"column":61}},"2":{"start":{"line":3,"column":0},"end":{"line":3,"column":60}},"3":{"start":{"line":4,"column":0},"end":{"line":4,"column":54}},"4":{"start":{"line":5,"column":0},"end":{"line":5,"column":55}},"5":{"start":{"line":6,"column":0},"end":{"line":6,"column":0}},"6":{"start":{"line":7,"column":0},"end":{"line":7,"column":25}},"7":{"start":{"line":8,"column":0},"end":{"line":8,"column":93}},"8":{"start":{"line":9,"column":0},"end":{"line":9,"column":37}},"9":{"start":{"line":10,"column":0},"end":{"line":10,"column":10}},"10":{"start":{"line":11,"column":0},"end":{"line":11,"column":15}},"11":{"start":{"line":12,"column":0},"end":{"line":12,"column":10}},"12":{"start":{"line":13,"column":0},"end":{"line":13,"column":0}},"13":{"start":{"line":14,"column":0},"end":{"line":14,"column":82}},"14":{"start":{"line":15,"column":0},"end":{"line":15,"column":0}},"15":{"start":{"line":16,"column":0},"end":{"line":16,"column":61}},"16":{"start":{"line":17,"column":0},"end":{"line":17,"column":61}},"17":{"start":{"line":18,"column":0},"end":{"line":18,"column":0}},"18":{"start":{"line":19,"column":0},"end":{"line":19,"column":4}},"19":{"start":{"line":20,"column":0},"end":{"line":20,"column":0}},"20":{"start":{"line":21,"column":0},"end":{"line":21,"column":29}},"21":{"start":{"line":22,"column":0},"end":{"line":22,"column":24}},"22":{"start":{"line":23,"column":0},"end":{"line":23,"column":27}},"23":{"start":{"line":24,"column":0},"end":{"line":24,"column":19}},"24":{"start":{"line":25,"column":0},"end":{"line":25,"column":41}},"25":{"start":{"line":26,"column":0},"end":{"line":26,"column":35}},"26":{"start":{"line":27,"column":0},"end":{"line":27,"column":0}},"27":{"start":{"line":28,"column":0},"end":{"line":28,"column":64}},"28":{"start":{"line":29,"column":0},"end":{"line":29,"column":0}},"29":{"start":{"line":30,"column":0},"end":{"line":30,"column":21}},"30":{"start":{"line":31,"column":0},"end":{"line":31,"column":40}},"31":{"start":{"line":32,"column":0},"end":{"line":32,"column":50}},"32":{"start":{"line":33,"column":0},"end":{"line":33,"column":24}},"33":{"start":{"line":34,"column":0},"end":{"line":34,"column":24}},"34":{"start":{"line":35,"column":0},"end":{"line":35,"column":34}},"35":{"start":{"line":36,"column":0},"end":{"line":36,"column":34}},"36":{"start":{"line":37,"column":0},"end":{"line":37,"column":43}},"37":{"start":{"line":38,"column":0},"end":{"line":38,"column":36}},"38":{"start":{"line":39,"column":0},"end":{"line":39,"column":36}},"39":{"start":{"line":40,"column":0},"end":{"line":40,"column":47}},"40":{"start":{"line":41,"column":0},"end":{"line":41,"column":51}},"41":{"start":{"line":42,"column":0},"end":{"line":42,"column":33}},"42":{"start":{"line":43,"column":0},"end":{"line":43,"column":33}},"43":{"start":{"line":44,"column":0},"end":{"line":44,"column":2}},"44":{"start":{"line":45,"column":0},"end":{"line":45,"column":0}},"45":{"start":{"line":46,"column":0},"end":{"line":46,"column":69}},"46":{"start":{"line":47,"column":0},"end":{"line":47,"column":44}},"47":{"start":{"line":48,"column":0},"end":{"line":48,"column":15}},"48":{"start":{"line":49,"column":0},"end":{"line":49,"column":1}},"49":{"start":{"line":50,"column":0},"end":{"line":50,"column":0}},"50":{"start":{"line":51,"column":0},"end":{"line":51,"column":58}},"51":{"start":{"line":52,"column":0},"end":{"line":52,"column":43}},"52":{"start":{"line":53,"column":0},"end":{"line":53,"column":77}},"53":{"start":{"line":54,"column":0},"end":{"line":54,"column":2}},"54":{"start":{"line":55,"column":0},"end":{"line":55,"column":79}},"55":{"start":{"line":56,"column":0},"end":{"line":56,"column":1}}},"s":{"0":0,"1":0,"2":0,"3":0,"4":0,"5":0,"6":0,"7":0,"8":0,"9":0,"10":0,"11":0,"12":0,"13":0,"14":0,"15":0,"16":0,"17":0,"18":0,"19":0,"20":0,"21":0,"22":0,"23":0,"24":0,"25":0,"26":0,"27":0,"28":0,"29":0,"30":0,"31":0,"32":0,"33":0,"34":0,"35":0,"36":0,"37":0,"38":0,"39":0,"40":0,"41":0,"42":0,"43":0,"44":0,"45":0,"46":0,"47":0,"48":0,"49":0,"50":0,"51":0,"52":0,"53":0,"54":0,"55":0},"branchMap":{"0":{"type":"branch","line":1,"loc":{"start":{"line":1,"column":0},"end":{"line":56,"column":1}},"locations":[{"start":{"line":1,"column":0},"end":{"line":56,"column":1}}]}},"b":{"0":[0]},"fnMap":{"0":{"name":"(empty-report)","decl":{"start":{"line":1,"column":0},"end":{"line":56,"column":1}},"loc":{"start":{"line":1,"column":0},"end":{"line":56,"column":1}},"line":1}},"f":{"0":0}}
,"C:\\Users\\alen2\\OneDrive\\Namizje\\FERI\\Magisterski\\1. letnik\\1. semester\\RIRS\\Project\\frontend\\evidencaLetenja\\src\\lib\\components\\ui\\carousel\\index.ts": {"path":"C:\\Users\\alen2\\OneDrive\\Namizje\\FERI\\Magisterski\\1. letnik\\1. semester\\RIRS\\Project\\frontend\\evidencaLetenja\\src\\lib\\components\\ui\\carousel\\index.ts","all":true,"statementMap":{"0":{"start":{"line":1,"column":0},"end":{"line":1,"column":52}},"1":{"start":{"line":2,"column":0},"end":{"line":2,"column":63}},"2":{"start":{"line":3,"column":0},"end":{"line":3,"column":57}},"3":{"start":{"line":4,"column":0},"end":{"line":4,"column":65}},"4":{"start":{"line":5,"column":0},"end":{"line":5,"column":57}}},"s":{"0":0,"1":0,"2":0,"3":0,"4":0},"branchMap":{"0":{"type":"branch","line":1,"loc":{"start":{"line":1,"column":0},"end":{"line":5,"column":57}},"locations":[{"start":{"line":1,"column":0},"end":{"line":5,"column":57}}]}},"b":{"0":[0]},"fnMap":{"0":{"name":"(empty-report)","decl":{"start":{"line":1,"column":0},"end":{"line":5,"column":57}},"loc":{"start":{"line":1,"column":0},"end":{"line":5,"column":57}},"line":1}},"f":{"0":0}}
,"C:\\Users\\alen2\\OneDrive\\Namizje\\FERI\\Magisterski\\1. letnik\\1. semester\\RIRS\\Project\\frontend\\evidencaLetenja\\src\\lib\\components\\ui\\datepicker\\datepicker.svelte": {"path":"C:\\Users\\alen2\\OneDrive\\Namizje\\FERI\\Magisterski\\1. letnik\\1. semester\\RIRS\\Project\\frontend\\evidencaLetenja\\src\\lib\\components\\ui\\datepicker\\datepicker.svelte","all":false,"statementMap":{"0":{"start":{"line":1,"column":0},"end":{"line":1,"column":18}},"8":{"start":{"line":9,"column":0},"end":{"line":9,"column":43}},"9":{"start":{"line":10,"column":0},"end":{"line":10,"column":25}},"12":{"start":{"line":13,"column":0},"end":{"line":13,"column":56}},"19":{"start":{"line":20,"column":0},"end":{"line":20,"column":22}},"20":{"start":{"line":21,"column":0},"end":{"line":21,"column":64}},"21":{"start":{"line":22,"column":0},"end":{"line":22,"column":49}},"23":{"start":{"line":24,"column":0},"end":{"line":24,"column":32}},"26":{"start":{"line":27,"column":0},"end":{"line":27,"column":81}},"30":{"start":{"line":31,"column":0},"end":{"line":31,"column":52}}},"s":{"0":1,"8":1,"9":1,"12":1,"19":1,"20":11,"21":11,"23":1,"26":1,"30":1},"branchMap":{"0":{"type":"branch","line":20,"loc":{"start":{"line":20,"column":19},"end":{"line":22,"column":49}},"locations":[{"start":{"line":20,"column":19},"end":{"line":22,"column":49}}]},"1":{"type":"branch","line":22,"loc":{"start":{"line":22,"column":22},"end":{"line":22,"column":49}},"locations":[{"start":{"line":22,"column":22},"end":{"line":22,"column":49}}]},"2":{"type":"branch","line":24,"loc":{"start":{"line":24,"column":23},"end":{"line":24,"column":32}},"locations":[{"start":{"line":24,"column":23},"end":{"line":24,"column":32}}]},"3":{"type":"branch","line":27,"loc":{"start":{"line":27,"column":13},"end":{"line":27,"column":81}},"locations":[{"start":{"line":27,"column":13},"end":{"line":27,"column":81}}]},"4":{"type":"branch","line":27,"loc":{"start":{"line":27,"column":18},"end":{"line":27,"column":67}},"locations":[{"start":{"line":27,"column":18},"end":{"line":27,"column":67}}]},"5":{"type":"branch","line":27,"loc":{"start":{"line":27,"column":60},"end":{"line":27,"column":80}},"locations":[{"start":{"line":27,"column":60},"end":{"line":27,"column":80}}]},"6":{"type":"branch","line":27,"loc":{"start":{"line":27,"column":80},"end":{"line":27,"column":81}},"locations":[{"start":{"line":27,"column":80},"end":{"line":27,"column":81}}]}},"b":{"0":[11],"1":[4],"2":[22],"3":[11],"4":[7],"5":[4],"6":[0]},"fnMap":{},"f":{}}
[...]
olumn":61}},"82":{"start":{"line":83,"column":0},"end":{"line":83,"column":13}},"83":{"start":{"line":84,"column":0},"end":{"line":84,"column":78}},"84":{"start":{"line":85,"column":0},"end":{"line":85,"column":41}},"85":{"start":{"line":86,"column":0},"end":{"line":86,"column":76}},"86":{"start":{"line":87,"column":0},"end":{"line":87,"column":17}},"87":{"start":{"line":88,"column":0},"end":{"line":88,"column":34}},"88":{"start":{"line":89,"column":0},"end":{"line":89,"column":30}},"89":{"start":{"line":90,"column":0},"end":{"line":90,"column":59}},"90":{"start":{"line":91,"column":0},"end":{"line":91,"column":22}},"91":{"start":{"line":92,"column":0},"end":{"line":92,"column":60}},"92":{"start":{"line":93,"column":0},"end":{"line":93,"column":18}},"93":{"start":{"line":94,"column":0},"end":{"line":94,"column":14}},"94":{"start":{"line":95,"column":0},"end":{"line":95,"column":0}},"95":{"start":{"line":96,"column":0},"end":{"line":96,"column":31}},"96":{"start":{"line":97,"column":0},"end":{"line":97,"column":64}},"97":{"start":{"line":98,"column":0},"end":{"line":98,"column":13}},"98":{"start":{"line":99,"column":0},"end":{"line":99,"column":0}},"99":{"start":{"line":100,"column":0},"end":{"line":100,"column":75}},"100":{"start":{"line":101,"column":0},"end":{"line":101,"column":26}},"101":{"start":{"line":102,"column":0},"end":{"line":102,"column":25}},"102":{"start":{"line":103,"column":0},"end":{"line":103,"column":59}},"103":{"start":{"line":104,"column":0},"end":{"line":104,"column":9}},"104":{"start":{"line":105,"column":0},"end":{"line":105,"column":5}},"105":{"start":{"line":106,"column":0},"end":{"line":106,"column":0}},"106":{"start":{"line":107,"column":0},"end":{"line":107,"column":50}},"107":{"start":{"line":108,"column":0},"end":{"line":108,"column":68}},"108":{"start":{"line":109,"column":0},"end":{"line":109,"column":62}},"109":{"start":{"line":110,"column":0},"end":{"line":110,"column":5}},"110":{"start":{"line":111,"column":0},"end":{"line":111,"column":0}},"111":{"start":{"line":112,"column":0},"end":{"line":112,"column":28}},"112":{"start":{"line":113,"column":0},"end":{"line":113,"column":23}},"113":{"start":{"line":114,"column":0},"end":{"line":114,"column":5}},"114":{"start":{"line":115,"column":0},"end":{"line":115,"column":0}},"115":{"start":{"line":116,"column":0},"end":{"line":116,"column":19}},"116":{"start":{"line":117,"column":0},"end":{"line":117,"column":23}},"117":{"start":{"line":118,"column":0},"end":{"line":118,"column":7}},"118":{"start":{"line":119,"column":0},"end":{"line":119,"column":9}},"119":{"start":{"line":120,"column":0},"end":{"line":120,"column":0}},"120":{"start":{"line":121,"column":0},"end":{"line":121,"column":42}},"121":{"start":{"line":122,"column":0},"end":{"line":122,"column":13}},"122":{"start":{"line":123,"column":0},"end":{"line":123,"column":11}},"123":{"start":{"line":124,"column":0},"end":{"line":124,"column":87}},"124":{"start":{"line":125,"column":0},"end":{"line":125,"column":9}},"125":{"start":{"line":126,"column":0},"end":{"line":126,"column":21}},"126":{"start":{"line":127,"column":0},"end":{"line":127,"column":13}},"127":{"start":{"line":128,"column":0},"end":{"line":128,"column":14}},"128":{"start":{"line":129,"column":0},"end":{"line":129,"column":13}},"129":{"start":{"line":130,"column":0},"end":{"line":130,"column":53}},"130":{"start":{"line":131,"column":0},"end":{"line":131,"column":14}},"131":{"start":{"line":132,"column":0},"end":{"line":132,"column":13}},"132":{"start":{"line":133,"column":0},"end":{"line":133,"column":20}},"133":{"start":{"line":134,"column":0},"end":{"line":134,"column":26}},"134":{"start":{"line":135,"column":0},"end":{"line":135,"column":45}},"135":{"start":{"line":136,"column":0},"end":{"line":136,"column":65}},"136":{"start":{"line":137,"column":0},"end":{"line":137,"column":74}},"137":{"start":{"line":138,"column":0},"end":{"line":138,"column":77}},"138":{"start":{"line":139,"column":0},"end":{"line":139,"column":72}},"139":{"start":{"line":140,"column":0},"end":{"line":140,"column":28}},"140":{"start":{"line":141,"column":0},"end":{"line":141,"column":27}},"141":{"start":{"line":142,"column":0},"end":{"line":142,"column":24}},"142":{"start":{"line":143,"column":0},"end":{"line":143,"column":39}},"143":{"start":{"line":144,"column":0},"end":{"line":144,"column":31}},"144":{"start":{"line":145,"column":0},"end":{"line":145,"column":64}},"145":{"start":{"line":146,"column":0},"end":{"line":146,"column":55}},"146":{"start":{"line":147,"column":0},"end":{"line":147,"column":45}},"147":{"start":{"line":148,"column":0},"end":{"line":148,"column":50}},"148":{"start":{"line":149,"column":0},"end":{"line":149,"column":55}},"149":{"start":{"line":150,"column":0},"end":{"line":150,"column":61}},"150":{"start":{"line":151,"column":0},"end":{"line":151,"column":57}},"151":{"start":{"line":152,"column":0},"end":{"line":152,"column":57}},"152":{"start":{"line":153,"column":0},"end":{"line":153,"column":36}},"153":{"start":{"line":154,"column":0},"end":{"line":154,"column":49}},"154":{"start":{"line":155,"column":0},"end":{"line":155,"column":37}},"155":{"start":{"line":156,"column":0},"end":{"line":156,"column":55}},"156":{"start":{"line":157,"column":0},"end":{"line":157,"column":48}},"157":{"start":{"line":158,"column":0},"end":{"line":158,"column":50}},"158":{"start":{"line":159,"column":0},"end":{"line":159,"column":58}},"159":{"start":{"line":160,"column":0},"end":{"line":160,"column":61}},"160":{"start":{"line":161,"column":0},"end":{"line":161,"column":57}},"161":{"start":{"line":162,"column":0},"end":{"line":162,"column":57}},"162":{"start":{"line":163,"column":0},"end":{"line":163,"column":36}},"163":{"start":{"line":164,"column":0},"end":{"line":164,"column":49}},"164":{"start":{"line":165,"column":0},"end":{"line":165,"column":37}},"165":{"start":{"line":166,"column":0},"end":{"line":166,"column":54}},"166":{"start":{"line":167,"column":0},"end":{"line":167,"column":62}},"167":{"start":{"line":168,"column":0},"end":{"line":168,"column":25}},"168":{"start":{"line":169,"column":0},"end":{"line":169,"column":55}},"169":{"start":{"line":170,"column":0},"end":{"line":170,"column":77}},"170":{"start":{"line":171,"column":0},"end":{"line":171,"column":48}},"171":{"start":{"line":172,"column":0},"end":{"line":172,"column":35}},"172":{"start":{"line":173,"column":0},"end":{"line":173,"column":61}},"173":{"start":{"line":174,"column":0},"end":{"line":174,"column":76}},"174":{"start":{"line":175,"column":0},"end":{"line":175,"column":29}},"175":{"start":{"line":176,"column":0},"end":{"line":176,"column":38}},"176":{"start":{"line":177,"column":0},"end":{"line":177,"column":37}},"177":{"start":{"line":178,"column":0},"end":{"line":178,"column":37}},"178":{"start":{"line":179,"column":0},"end":{"line":179,"column":32}},"179":{"start":{"line":180,"column":0},"end":{"line":180,"column":23}},"180":{"start":{"line":181,"column":0},"end":{"line":181,"column":25}},"181":{"start":{"line":182,"column":0},"end":{"line":182,"column":21}},"182":{"start":{"line":183,"column":0},"end":{"line":183,"column":14}},"183":{"start":{"line":184,"column":0},"end":{"line":184,"column":7}}},"s":{"0":0,"1":0,"2":0,"3":0,"4":0,"5":0,"6":0,"7":0,"8":0,"9":0,"10":0,"11":0,"12":0,"13":0,"14":0,"15":0,"16":0,"17":0,"18":0,"19":0,"20":0,"21":0,"22":0,"23":0,"24":0,"25":0,"26":0,"27":0,"28":0,"29":0,"30":0,"31":0,"32":0,"33":0,"34":0,"35":0,"36":0,"37":0,"38":0,"39":0,"40":0,"41":0,"42":0,"43":0,"44":0,"45":0,"46":0,"47":0,"48":0,"49":0,"50":0,"51":0,"52":0,"53":0,"54":0,"55":0,"56":0,"57":0,"58":0,"59":0,"60":0,"61":0,"62":0,"63":0,"64":0,"65":0,"66":0,"67":0,"68":0,"69":0,"70":0,"71":0,"72":0,"73":0,"74":0,"75":0,"76":0,"77":0,"78":0,"79":0,"80":0,"81":0,"82":0,"83":0,"84":0,"85":0,"86":0,"87":0,"88":0,"89":0,"90":0,"91":0,"92":0,"93":0,"94":0,"95":0,"96":0,"97":0,"98":0,"99":0,"100":0,"101":0,"102":0,"103":0,"104":0,"105":0,"106":0,"107":0,"108":0,"109":0,"110":0,"111":0,"112":0,"113":0,"114":0,"115":0,"116":0,"117":0,"118":0,"119":0,"120":0,"121":0,"122":0,"123":0,"124":0,"125":0,"126":0,"127":0,"128":0,"129":0,"130":0,"131":0,"132":0,"133":0,"134":0,"135":0,"136":0,"137":0,"138":0,"139":0,"140":0,"141":0,"142":0,"143":0,"144":0,"145":0,"146":0,"147":0,"148":0,"149":0,"150":0,"151":0,"152":0,"153":0,"154":0,"155":0,"156":0,"157":0,"158":0,"159":0,"160":0,"161":0,"162":0,"163":0,"164":0,"165":0,"166":0,"167":0,"168":0,"169":0,"170":0,"171":0,"172":0,"173":0,"174":0,"175":0,"176":0,"177":0,"178":0,"179":0,"180":0,"181":0,"182":0,"183":0},"branchMap":{"0":{"type":"branch","line":1,"loc":{"start":{"line":1,"column":0},"end":{"line":184,"column":7}},"locations":[{"start":{"line":1,"column":0},"end":{"line":184,"column":7}}]}},"b":{"0":[0]},"fnMap":{"0":{"name":"(empty-report)","decl":{"start":{"line":1,"column":0},"end":{"line":184,"column":7}},"loc":{"start":{"line":1,"column":0},"end":{"line":184,"column":7}},"line":1}},"f":{"0":0}}
,"C:\\Users\\alen2\\OneDrive\\Namizje\\FERI\\Magisterski\\1. letnik\\1. semester\\RIRS\\Project\\frontend\\evidencaLetenja\\src\\routes\\zgodovina\\+page.svelte": {"path":"C:\\Users\\alen2\\OneDrive\\Namizje\\FERI\\Magisterski\\1. letnik\\1. semester\\RIRS\\Project\\frontend\\evidencaLetenja\\src\\routes\\zgodovina\\+page.svelte","all":true,"statementMap":{"0":{"start":{"line":1,"column":0},"end":{"line":1,"column":18}},"1":{"start":{"line":2,"column":0},"end":{"line":2,"column":61}},"2":{"start":{"line":3,"column":0},"end":{"line":3,"column":53}},"3":{"start":{"line":4,"column":0},"end":{"line":4,"column":35}},"4":{"start":{"line":5,"column":0},"end":{"line":5,"column":87}},"5":{"start":{"line":6,"column":0},"end":{"line":6,"column":0}},"6":{"start":{"line":7,"column":0},"end":{"line":7,"column":19}},"7":{"start":{"line":8,"column":0},"end":{"line":8,"column":20}},"8":{"start":{"line":9,"column":0},"end":{"line":9,"column":23}},"9":{"start":{"line":10,"column":0},"end":{"line":10,"column":26}},"10":{"start":{"line":11,"column":0},"end":{"line":11,"column":26}},"11":{"start":{"line":12,"column":0},"end":{"line":12,"column":3}},"12":{"start":{"line":13,"column":0},"end":{"line":13,"column":0}},"13":{"start":{"line":14,"column":0},"end":{"line":14,"column":27}},"14":{"start":{"line":15,"column":0},"end":{"line":15,"column":0}},"15":{"start":{"line":16,"column":0},"end":{"line":16,"column":40}},"16":{"start":{"line":17,"column":0},"end":{"line":17,"column":33}},"17":{"start":{"line":18,"column":0},"end":{"line":18,"column":53}},"18":{"start":{"line":19,"column":0},"end":{"line":19,"column":6}},"19":{"start":{"line":20,"column":0},"end":{"line":20,"column":0}},"20":{"start":{"line":21,"column":0},"end":{"line":21,"column":23}},"21":{"start":{"line":22,"column":0},"end":{"line":22,"column":69}},"22":{"start":{"line":23,"column":0},"end":{"line":23,"column":13}},"23":{"start":{"line":24,"column":0},"end":{"line":24,"column":5}},"24":{"start":{"line":25,"column":0},"end":{"line":25,"column":0}},"25":{"start":{"line":26,"column":0},"end":{"line":26,"column":39}},"26":{"start":{"line":27,"column":0},"end":{"line":27,"column":18}},"27":{"start":{"line":28,"column":0},"end":{"line":28,"column":3}},"28":{"start":{"line":29,"column":0},"end":{"line":29,"column":0}},"29":{"start":{"line":30,"column":0},"end":{"line":30,"column":59}},"30":{"start":{"line":31,"column":0},"end":{"line":31,"column":9}},"31":{"start":{"line":32,"column":0},"end":{"line":32,"column":35}},"32":{"start":{"line":33,"column":0},"end":{"line":33,"column":68}},"33":{"start":{"line":34,"column":0},"end":{"line":34,"column":9}},"34":{"start":{"line":35,"column":0},"end":{"line":35,"column":24}},"35":{"start":{"line":36,"column":0},"end":{"line":36,"column":20}},"36":{"start":{"line":37,"column":0},"end":{"line":37,"column":47}},"37":{"start":{"line":38,"column":0},"end":{"line":38,"column":12}},"38":{"start":{"line":39,"column":0},"end":{"line":39,"column":50}},"39":{"start":{"line":40,"column":0},"end":{"line":40,"column":10}},"40":{"start":{"line":41,"column":0},"end":{"line":41,"column":8}},"41":{"start":{"line":42,"column":0},"end":{"line":42,"column":0}},"42":{"start":{"line":43,"column":0},"end":{"line":43,"column":25}},"43":{"start":{"line":44,"column":0},"end":{"line":44,"column":56}},"44":{"start":{"line":45,"column":0},"end":{"line":45,"column":7}},"45":{"start":{"line":46,"column":0},"end":{"line":46,"column":0}},"46":{"start":{"line":47,"column":0},"end":{"line":47,"column":69}},"47":{"start":{"line":48,"column":0},"end":{"line":48,"column":20}},"48":{"start":{"line":49,"column":0},"end":{"line":49,"column":21}},"49":{"start":{"line":50,"column":0},"end":{"line":50,"column":53}},"50":{"start":{"line":51,"column":0},"end":{"line":51,"column":5}},"51":{"start":{"line":52,"column":0},"end":{"line":52,"column":3}},"52":{"start":{"line":53,"column":0},"end":{"line":53,"column":0}},"53":{"start":{"line":54,"column":0},"end":{"line":54,"column":43}},"54":{"start":{"line":55,"column":0},"end":{"line":55,"column":71}},"55":{"start":{"line":56,"column":0},"end":{"line":56,"column":23}},"56":{"start":{"line":57,"column":0},"end":{"line":57,"column":7}},"57":{"start":{"line":58,"column":0},"end":{"line":58,"column":22}},"58":{"start":{"line":59,"column":0},"end":{"line":59,"column":62}},"59":{"start":{"line":60,"column":0},"end":{"line":60,"column":41}},"60":{"start":{"line":61,"column":0},"end":{"line":61,"column":12}},"61":{"start":{"line":62,"column":0},"end":{"line":62,"column":69}},"62":{"start":{"line":63,"column":0},"end":{"line":63,"column":5}},"63":{"start":{"line":64,"column":0},"end":{"line":64,"column":3}},"64":{"start":{"line":65,"column":0},"end":{"line":65,"column":0}},"65":{"start":{"line":66,"column":0},"end":{"line":66,"column":48}},"66":{"start":{"line":67,"column":0},"end":{"line":67,"column":64}},"67":{"start":{"line":68,"column":0},"end":{"line":68,"column":58}},"68":{"start":{"line":69,"column":0},"end":{"line":69,"column":3}},"69":{"start":{"line":70,"column":0},"end":{"line":70,"column":0}},"70":{"start":{"line":71,"column":0},"end":{"line":71,"column":26}},"71":{"start":{"line":72,"column":0},"end":{"line":72,"column":26}},"72":{"start":{"line":73,"column":0},"end":{"line":73,"column":3}},"73":{"start":{"line":74,"column":0},"end":{"line":74,"column":0}},"74":{"start":{"line":75,"column":0},"end":{"line":75,"column":17}},"75":{"start":{"line":76,"column":0},"end":{"line":76,"column":26}},"76":{"start":{"line":77,"column":0},"end":{"line":77,"column":5}},"77":{"start":{"line":78,"column":0},"end":{"line":78,"column":9}},"78":{"start":{"line":79,"column":0},"end":{"line":79,"column":0}},"79":{"start":{"line":80,"column":0},"end":{"line":80,"column":42}},"80":{"start":{"line":81,"column":0},"end":{"line":81,"column":11}},"81":{"start":{"line":82,"column":0},"end":{"line":82,"column":7}},"82":{"start":{"line":83,"column":0},"end":{"line":83,"column":81}},"83":{"start":{"line":84,"column":0},"end":{"line":84,"column":5}},"84":{"start":{"line":85,"column":0},"end":{"line":85,"column":15}},"85":{"start":{"line":86,"column":0},"end":{"line":86,"column":9}},"86":{"start":{"line":87,"column":0},"end":{"line":87,"column":12}},"87":{"start":{"line":88,"column":0},"end":{"line":88,"column":11}},"88":{"start":{"line":89,"column":0},"end":{"line":89,"column":16}},"89":{"start":{"line":90,"column":0},"end":{"line":90,"column":52}},"90":{"start":{"line":91,"column":0},"end":{"line":91,"column":20}},"91":{"start":{"line":92,"column":0},"end":{"line":92,"column":37}},"92":{"start":{"line":93,"column":0},"end":{"line":93,"column":55}},"93":{"start":{"line":94,"column":0},"end":{"line":94,"column":64}},"94":{"start":{"line":95,"column":0},"end":{"line":95,"column":67}},"95":{"start":{"line":96,"column":0},"end":{"line":96,"column":62}},"96":{"start":{"line":97,"column":0},"end":{"line":97,"column":20}},"97":{"start":{"line":98,"column":0},"end":{"line":98,"column":21}},"98":{"start":{"line":99,"column":0},"end":{"line":99,"column":18}},"99":{"start":{"line":100,"column":0},"end":{"line":100,"column":31}},"100":{"start":{"line":101,"column":0},"end":{"line":101,"column":21}},"101":{"start":{"line":102,"column":0},"end":{"line":102,"column":52}},"102":{"start":{"line":103,"column":0},"end":{"line":103,"column":43}},"103":{"start":{"line":104,"column":0},"end":{"line":104,"column":31}},"104":{"start":{"line":105,"column":0},"end":{"line":105,"column":77}},"105":{"start":{"line":106,"column":0},"end":{"line":106,"column":39}},"106":{"start":{"line":107,"column":0},"end":{"line":107,"column":39}},"107":{"start":{"line":108,"column":0},"end":{"line":108,"column":20}},"108":{"start":{"line":109,"column":0},"end":{"line":109,"column":33}},"109":{"start":{"line":110,"column":0},"end":{"line":110,"column":25}},"110":{"start":{"line":111,"column":0},"end":{"line":111,"column":43}},"111":{"start":{"line":112,"column":0},"end":{"line":112,"column":34}},"112":{"start":{"line":113,"column":0},"end":{"line":113,"column":80}},"113":{"start":{"line":114,"column":0},"end":{"line":114,"column":39}},"114":{"start":{"line":115,"column":0},"end":{"line":115,"column":39}},"115":{"start":{"line":116,"column":0},"end":{"line":116,"column":20}},"116":{"start":{"line":117,"column":0},"end":{"line":117,"column":33}},"117":{"start":{"line":118,"column":0},"end":{"line":118,"column":25}},"118":{"start":{"line":119,"column":0},"end":{"line":119,"column":77}},"119":{"start":{"line":120,"column":0},"end":{"line":120,"column":43}},"120":{"start":{"line":121,"column":0},"end":{"line":121,"column":63}},"121":{"start":{"line":122,"column":0},"end":{"line":122,"column":34}},"122":{"start":{"line":123,"column":0},"end":{"line":123,"column":21}},"123":{"start":{"line":124,"column":0},"end":{"line":124,"column":45}},"124":{"start":{"line":125,"column":0},"end":{"line":125,"column":75}},"125":{"start":{"line":126,"column":0},"end":{"line":126,"column":15}},"126":{"start":{"line":127,"column":0},"end":{"line":127,"column":25}},"127":{"start":{"line":128,"column":0},"end":{"line":128,"column":22}},"128":{"start":{"line":129,"column":0},"end":{"line":129,"column":15}},"129":{"start":{"line":130,"column":0},"end":{"line":130,"column":19}},"130":{"start":{"line":131,"column":0},"end":{"line":131,"column":17}},"131":{"start":{"line":132,"column":0},"end":{"line":132,"column":12}},"132":{"start":{"line":133,"column":0},"end":{"line":133,"column":7}},"133":{"start":{"line":134,"column":0},"end":{"line":134,"column":0}},"134":{"start":{"line":135,"column":0},"end":{"line":135,"column":7}},"135":{"start":{"line":136,"column":0},"end":{"line":136,"column":8}}},"s":{"0":0,"1":0,"2":0,"3":0,"4":0,"5":0,"6":0,"7":0,"8":0,"9":0,"10":0,"11":0,"12":0,"13":0,"14":0,"15":0,"16":0,"17":0,"18":0,"19":0,"20":0,"21":0,"22":0,"23":0,"24":0,"25":0,"26":0,"27":0,"28":0,"29":0,"30":0,"31":0,"32":0,"33":0,"34":0,"35":0,"36":0,"37":0,"38":0,"39":0,"40":0,"41":0,"42":0,"43":0,"44":0,"45":0,"46":0,"47":0,"48":0,"49":0,"50":0,"51":0,"52":0,"53":0,"54":0,"55":0,"56":0,"57":0,"58":0,"59":0,"60":0,"61":0,"62":0,"63":0,"64":0,"65":0,"66":0,"67":0,"68":0,"69":0,"70":0,"71":0,"72":0,"73":0,"74":0,"75":0,"76":0,"77":0,"78":0,"79":0,"80":0,"81":0,"82":0,"83":0,"84":0,"85":0,"86":0,"87":0,"88":0,"89":0,"90":0,"91":0,"92":0,"93":0,"94":0,"95":0,"96":0,"97":0,"98":0,"99":0,"100":0,"101":0,"102":0,"103":0,"104":0,"105":0,"106":0,"107":0,"108":0,"109":0,"110":0,"111":0,"112":0,"113":0,"114":0,"115":0,"116":0,"117":0,"118":0,"119":0,"120":0,"121":0,"122":0,"123":0,"124":0,"125":0,"126":0,"127":0,"128":0,"129":0,"130":0,"131":0,"132":0,"133":0,"134":0,"135":0},"branchMap":{"0":{"type":"branch","line":1,"loc":{"start":{"line":1,"column":0},"end":{"line":136,"column":8}},"locations":[{"start":{"line":1,"column":0},"end":{"line":136,"column":8}}]}},"b":{"0":[0]},"fnMap":{"0":{"name":"(empty-report)","decl":{"start":{"line":1,"column":0},"end":{"line":136,"column":8}},"loc":{"start":{"line":1,"column":0},"end":{"line":136,"column":8}},"line":1}},"f":{"0":0}}
}
